| Format  | Len  | CRC | Comments
  Monitor   06CA    Ok   ARGO TCP/M-Loader
  TCP/M     001B    Ok   Header.  Title: Argo.A  Block: 0
  TCP/M     0804    Ok   Data.
  TCP/M     001B    Ok   Header.  Title: Argo.A  Block: 1
  TCP/M     0804    Ok   Data.
  TCP/M     001B    Ok   Header.  Title: Argo.A  Block: 2
  TCP/M     0804    Ok   Data.
  TCP/M     001B    Ok   Header.  Title: Argo.A  Block: 3
  TCP/M     0804    Ok   Data.
  TCP/M     001B    Ok   Header.  Title: Argo.A  Block: 4
  TCP/M     0804    Ok   Data.
  TCP/M     001B    Ok   Header.  Title: Argo.A  Block: 5
  TCP/M     0804    Ok   Data.
  TCP/M     001B    Ok   Header.  Title: Argo.A  Block: 6
  TCP/M     0804    Ok   Data.
  TCP/M     001B    Ok   Header.  Title: Argo.A  Block: 7
  TCP/M     0804    Ok   Data.
  TCP/M     001B    Ok   Header.  Title: Argo.A  Block: 8
  TCP/M     0804    Ok   Data.
  TCP/M     001B    Ok   Header.  Title: Argo.A  Block: 9
  TCP/M     0804    Ok   Data.
  TCP/M     001B    Ok   Header.  Title: Argo.A  Block: 10
  TCP/M     0804    Ok   Data.
  TCP/M     001B    Ok   Header.  Title: Argo.A  Block: 11
  TCP/M     0804    Ok   Data.
  TCP/M     001B    Ok   Header.  Title: Argo.A  Block: 12
  TCP/M     0804    Ok   Data.
  TCP/M     001B    Ok   Header.  Title: Argo.A  Block: 13
  TCP/M     0804    Ok   Data.
  TCP/M     001B    Ok   Header.  Title: Argo.A  Block: 14
  TCP/M     0804    Ok   Data.
  TCP/M     001B    Ok   Header.  Title: Argo.A  Block: 15
  TCP/M     0804    Ok   Data.
  TCP/M     001B    Ok   Header.  Title: Argo.A  Block: 16
  TCP/M     0804    Ok   Data.
  TCP/M     001B    Ok   Header.  Title: Argo.A  Block: 17
  TCP/M     0804    Ok   Data.
  TCP/M     001B    Ok   Header.  Title: Argo.A  Block: 18
  TCP/M     0804    Ok   Data.
  TCP/M     001B    Ok   Header.  Title: Argo.A  Block: 19
  TCP/M     0804    Ok   Data.
  TCP/M     001B    Ok   Header.  Title: Argo.A  Block: 20
  TCP/M     0804    Ok   Data.
  TCP/M     001B    Ok   Header.  Title: Argo.A  Block: 21
  TCP/M     0804    Ok   Data.
  TCP/M     001B    Ok   Header.  Title: Argo.A  Block: 22
  TCP/M     0804    Ok   Data.
  TCP/M     001B    Ok   Header.  Title: Argo.A  Block: 23
  TCP/M     0804    Ok   Data.
  TCP/M     001B    Ok   Header.  Title: Argo.A  Block: 24
  TCP/M     0804    Ok   Data.
  TCP/M     001B    Ok   Header.  Title: Argo.A  Block: 25
  TCP/M     0804    Ok   Data.
  TCP/M     001B    Ok   Header.  Title: Argo.A  Block: 26
  TCP/M     0804    Ok   Data.
  TCP/M     001B    Ok   Header.  Title: Argo.A  Block: 27
  TCP/M     0804    Ok   Data.
  TCP/M     001B    Ok   Header.  Title: Argo.A  Block: 28
  TCP/M     0804    Ok   Data.
  TCP/M     001B    Ok   Header.  Title: Argo.A  Block: 29
  TCP/M     0804    Ok   Data.
  TCP/M     001B    Ok   Header.  Title: Argo.A  Block: 30
  TCP/M     0804    Ok   Data.
  TCP/M     001B    Ok   Header.  Title: Argo.A  Block: 31
  TCP/M     0804    Ok   Data.
  TCP/M     001B    Ok   Header.  Title: Argo.A  Block: 32
  TCP/M     0804    Ok   Data.
  TCP/M     001B    Ok   Header.  Title: Argo.A  Block: 33
  TCP/M     0804    Ok   Data.
  TCP/M     001B    Ok   Header.  Title: Argo.A  Block: 34
  TCP/M     0804    Ok   Data.
  TCP/M     001B    Ok   Header.  Title: Argo.A  Block: 35
  TCP/M     0804    Ok   Data.
  TCP/M     001B    Ok   Header.  Title: Argo.A  Block: 36
  TCP/M     0804    Ok   Data.
  TCP/M     001B    Ok   Header.  Title: Argo.A  Block: 37
  TCP/M     0804    Ok   Data.
  TCP/M     001B    Ok   Header.  Title: Argo.A  Block: 38
  TCP/M     0804    Ok   Data.
  TCP/M     001B    Ok   Header.  Title: Argo.A  Block: 39
  TCP/M     0804    Ok   Data.
  TCP/M     001B    Ok   Header.  Title: Argo.A  Block: 40
  TCP/M     0804    Ok   Data.
  TCP/M     001B    Ok   Header.  Title: Argo.A  Block: 41
  TCP/M     0804    Ok   Data.
  TCP/M     001B    Ok   Header.  Title: Argo.A  Block: 42
  TCP/M     0804    Ok   Data.
  TCP/M     001B    Ok   Header.  Title: Argo.A  Block: 43
  TCP/M     0804    Ok   Data.
  TCP/M     001B    Ok   Header.  Title: Argo.A  Block: 44
  TCP/M     0804    Ok   Data.
  TCP/M     001B    Ok   Header.  Title: Argo.A  Block: 45
  TCP/M     0804    Ok   Data.
  TCP/M     001B    Ok   Header.  Title: Argo.A  Block: 46
  TCP/M     0804    Ok   Data.
  TCP/M     001B    Ok   Header.  Title: Argo.A  Block: 47
  TCP/M     0804    Ok   Data.
  TCP/M     001B    Ok   Header.  Title: Argo.A  Block: 48
  TCP/M     0804    Ok   Data.
  TCP/M     001B    Ok   Header.  Title: Argo.A  Block: 49
  TCP/M     0804    Ok   Data.
  TCP/M     001B    Ok   Header.  Title: Argo.A  Block: 50
  TCP/M     0804    Ok   Data.
  TCP/M     001B    Ok   Header.  Title: Argo.A  Block: 51
  TCP/M     0804    Ok   Data.
  TCP/M     001B    Ok   Header.  Title: Argo.A  Block: 52
  TCP/M     0804    Ok   Data.
  TCP/M     001B    Ok   Header.  Title: Argo.A  Block: 53
  TCP/M     0804    Ok   Data.
  TCP/M     001B    Ok   Header.  Title: Argo.A  Block: 54
  TCP/M     0804    Ok   Data.
  TCP/M     001B    Ok   Header.  Title: Argo.A  Block: 55
  TCP/M     0804    Ok   Data.
  TCP/M     001B    Ok   Header.  Title: Argo.A  Block: 56
  TCP/M     0804    Ok   Data.
  TCP/M     001B    Ok   Header.  Title: Argo.A  Block: 57
  TCP/M     0804    Ok   Data.
  TCP/M     001B    Ok   Header.  Title: Argo.A  Block: 58
  TCP/M     0804    Ok   Data.
  TCP/M     001B    Ok   Header.  Title: Argo.A  Block: 59
  TCP/M     0804    Ok   Data.
  TCP/M     001B    Ok   Header.  Title: Argo.A  Block: 60
  TCP/M     0804    Ok   Data.
  TCP/M     001B    Ok   Header.  Title: Argo.A  Block: 61
  TCP/M     0804    Ok   Data.
  TCP/M     001B    Ok   Header.  Title: Argo.A  Block: 62
  TCP/M     0804    Ok   Data.
  TCP/M     001B    Ok   Header.  Title: Argo.A  Block: 63
  TCP/M     0804    Ok   Data.
  TCP/M     001B    Ok   Header.  Title: Argo.A  Block: 64
  TCP/M     0804    Ok   Data.
  TCP/M     001B    Ok   Header.  Title: Argo.A  Block: 65
  TCP/M     0804    Ok   Data.
  TCP/M     001B    Ok   Header.  Title: Argo.A  Block: 66
  TCP/M     0804    Ok   Data.
  TCP/M     001B    Ok   Header.  Title: Argo.A  Block: 67
  TCP/M     0804    Ok   Data.
  TCP/M     001B    Ok   Header.  Title: Argo.A  Block: 68
  TCP/M     0804    Ok   Data.
  TCP/M     001B    Ok   Header.  Title: Argo.A  Block: 69
  TCP/M     0804    Ok   Data.
  TCP/M     001B    Ok   Header.  Title: Argo.A  Block: 70
  TCP/M     0804    Ok   Data.
  TCP/M     001B    Ok   Header.  Title: Argo.A  Block: 71
  TCP/M     0804    Ok   Data.
  TCP/M     001B    Ok   Header.  Title: Argo.A  Block: 72
  TCP/M     0804    Ok   Data.
  TCP/M     001B    Ok   Header.  Title: Argo.A  Block: 73
  TCP/M     0804    Ok   Data.
  TCP/M     001B    Ok   Header.  Title: Argo.A  Block: 74
  TCP/M     0804    Ok   Data.
  TCP/M     001B    Ok   Header.  Title: Argo.A  Block: 75
  TCP/M     0804    Ok   Data.
  TCP/M     001B    Ok   Header.  Title: Argo.A  Block: 76
  TCP/M     0804    Ok   Data.
  TCP/M     001B    Ok   Header.  Title: Argo.A  Block: 77
  TCP/M     0804    Ok   Data.
  TCP/M     001B    Ok   Header.  Title: Argo.A  Block: 78
  TCP/M     0804    Ok   Data.
  TCP/M     001B    Ok   Header.  Title: Argo.A  Block: 79
  TCP/M     0804    Ok   Data.
  TCP/M     001B    Ok   Header.  Title: Argo.A  Block: 80
  TCP/M     0804    Ok   Data.
  TCP/M     001B    Ok   Header.  Title: Argo.A  Block: 81
  TCP/M     0804    Ok   Data.
  TCP/M     001B    Ok   Header.  Title: Argo.A  Block: 82
  TCP/M     0804    Ok   Data.
  TCP/M     001B    Ok   Header.  Title: Argo.A  Block: 83
  TCP/M     0804    Ok   Data.
  TCP/M     001B    Ok   Header.  Title: Argo.A  Block: 84
  TCP/M     0804    Ok   Data.
  TCP/M     001B    Ok   Header.  Title: Argo.A  Block: 85
  TCP/M     0804    Ok   Data.
  TCP/M     001B    Ok   Header.  Title: Argo.A  Block: 86
  TCP/M     0804    Ok   Data.
  TCP/M     001B    Ok   Header.  Title: Argo.A  Block: 87
  TCP/M     0804    Ok   Data.
  TCP/M     001B    Ok   Header.  Title: Argo.A  Block: 88
  TCP/M     0803    Ok   Data.  Empty sector (filled by 0E5h).
  TCP/M     001B    Ok   Header.  Title: Argo.A  Block: 89
  TCP/M     0803    Ok   Data.  Empty sector (filled by 0E5h).
  TCP/M     001B    Ok   Header.  Title: Argo.A  Block: 90
  TCP/M     0803    Ok   Data.  Empty sector (filled by 0E5h).
  TCP/M     001B    Ok   Header.  Title: Argo.A  Block: 91
  TCP/M     0803    Ok   Data.  Empty sector (filled by 0E5h).
  TCP/M     001B    Ok   Header.  Title: Argo.A  Block: 92
  TCP/M     0803    Ok   Data.  Empty sector (filled by 0E5h).
  TCP/M     001B    Ok   Header.  Title: Argo.A  Block: 93
  TCP/M     0803    Ok   Data.  Empty sector (filled by 0E5h).
  TCP/M     001B    Ok   Header.  Title: Argo.A  Block: 94
  TCP/M     0803    Ok   Data.  Empty sector (filled by 0E5h).
  TCP/M     001B    Ok   Header.  Title: Argo.A  Block: 95
  TCP/M     0803    Ok   Data.  Empty sector (filled by 0E5h).
  TCP/M     001B    Ok   Header.  Title: Argo.A  Block: 96
  TCP/M     0803    Ok   Data.  Empty sector (filled by 0E5h).
  TCP/M     001B    Ok   Header.  Title: Argo.A  Block: 97
  TCP/M     0803    Ok   Data.  Empty sector (filled by 0E5h).
  TCP/M     001B    Ok   Header.  Title: Argo.A  Block: 98
  TCP/M     0803    Ok   Data.  Empty sector (filled by 0E5h).
  TCP/M     001B    Ok   Header.  Title: Argo.A  Block: 99
  TCP/M     0803    Ok   Data.  Empty sector (filled by 0E5h).
  TCP/M     001B    Ok   Header.  Title: Argo.A  Block: 100
  TCP/M     0803    Ok   Data.  Empty sector (filled by 0E5h).
