0001   0000             ;+---------------------------------------------------------------------------
0002   0000             ; MXOS
0003   0000             ; Драйвер внешнего ПЗУ
0004   0000             ;
0005   0000             ; Все регистры сохраняются
0006   0000             ;
0007   0000             ; 2013-12-12 Дизассемблировано vinxru
0008   0000             ;----------------------------------------------------------------------------
0009   0000             
0010   0000             IO_PAGE_RAM	= 0FFFCh
0011   0000             IO_PAGE_STD	= 0FFFFh
0012   0000             
0013   0000             start:		; Режим стандартного Специалиста	
0014   0000             
0015   0000 21 19 00    		lxi	h, driver
0016   0003 11 00 EF    		lxi	d, 0EF00h 
0017   0006 7E          copy:		mov	a, m
0018   0007 23          		inx	h
0019   0008 12          		stax	d
0020   0009 13          		inx	d
0021   000A 3E E0       		mvi	a, 0E0h
0022   000C BB          		cmp	e
0023   000D C2 06 00    		jnz	copy
0024   0010             
0025   0010 21 2C 00    		lxi	h, data
0026   0013 11 00 00    		lxi	d, 0
0027   0016 C3 00 EF    		jmp	0EF00h
0028   0019             
0029   0019             		; Копирование
0030   0019 7E          driver:		mov	a, m
0031   001A 23          		inx	h
0032   001B 32 FC F7    		sta	IO_PAGE_RAM-800h
0033   001E 12          		stax	d
0034   001F 13          		inx	d
0035   0020 3E 80       		mvi	a, 80h
0036   0022 BC          		cmp	h
0037   0023 CA 00 00    		jz	0
0038   0026 32 FF FF    		sta	IO_PAGE_STD
0039   0029 C3 00 EF    		jmp	0EF00h 
0040   002C             
0041   002C             data:
0042   002C             
0043   002C             .endtasm: Number of errors = 0
