0001   0000             ; Заголовок LVT файла. Это надо для загрузки в эмулятор
0002   0000             
0003   00EA             .org 234
0004   00EA 4C 56 4F 56 .db 4ch, 56h, 4fh, 56h, 2fh, 32h, 2eh, 30h, 2fh, 0d0h, 6ch, 61h, 62h, 20h, 20h, 20h
0004   00EE 2F 32 2E 30 
0004   00F2 2F D0 6C 61 
0004   00F6 62 20 20 20 
0005   00FA 00 01       .dw entry
0006   00FC 9A 14       .dw end
0007   00FE 00 01       .dw entry
0008   0100             
0009   0100             ; Используемые точки входа в ПЗУ (BIOS)
0010   0100             
0011   0100             setCursorY_F7DC   = 0F7DCh
0012   0100             setCursorX_F7BE   = 0F7BEh
0013   0100             printString_F137  = 0F137h
0014   0100             waitKey_FDAC      = 0FDACh
0015   0100             drawChar1_F7FB    = 0F7FBh
0016   0100             drawChar2_F8B0    = 0F8B0h
0017   0100             cursorUp_FA93     = 0FA93h
0018   0100             cursorDown_FA9A   = 0FA9Ah
0019   0100             cursorLeft_FAB3   = 0FAB3h
0020   0100             cursorRight_FACE  = 0FACEh
0021   0100             clearScreen1_F9A0 = 0F9A0h
0022   0100             drawText_F12F     = 0F12Fh
0023   0100             inkey_FC12        = 0FC12h
0024   0100             inkey_FB94        = 0FB94h
0025   0100             
0026   0100             ; Переменные BIOS
0027   0100             
0028   0100             videoMode_C802    = 0C802h
0029   0100             fontType_C803     = 0C803h
0030   0100             cursorX_C807      = 0C807h
0031   0100             cursorY_C808      = 0C808h
0032   0100             cursorAddr_C80A   = 0C80Ah
0033   0100             font_C819         = 0C819h
0034   0100             
0035   0100             ; Точка входа
0036   0100             
0037   0100             entry:
0038   0100                     ; Это похоже на место для отладочной команды JMP
0039   0100             ;        nop
0040   0100             ;        nop
0041   0100             ;        nop
0042   0100                     
0043   0100                     ; Сброс    рекордов. Переменную bestScore сбрасывать не обязательно, 
0044   0100                     ; она будет перезаписана ниже.
0045   0100             ;        lxi  h, 0
0046   0100             ;        shld bestScore   ; 
0047   0100             ;        shld bestScoreForLevel1;
0048   0100             ;        shld bestScoreForLevel2
0049   0100             ;        shld bestScoreForLevel3
0050   0100                     
0051   0100                     ; Инициализация стека
0052   0100 31 00 01            lxi  sp, 0100h
0053   0103                     
0054   0103                     ; Установка палитры для каждого из 4-х цветов.
0055   0103 3E 0F               mvi  a, 15 ; black
0056   0105 D3 90               out  90h
0057   0107 3E 03               mvi  a, 3 ; red
0058   0109 D3 91               out  91h
0059   010B 3E 04               mvi  a, 4 ; cyan
0060   010D D3 92               out  92h
0061   010F 3E 00               mvi  a, 0 ; white
0062   0111 D3 93               out  93h
0063   0113             
0064   0113 11 08 02            lxi d, img
0065   0116 01 00 90            lxi b, 09000h
0066   0119 CD 36 01            call unmlz
0067   011C             
0068   011C 21 FF FF            lxi h, 0FFFFh
0069   011F 11 FF EF            lxi d, 0EFFFh
0070   0122 01 00 30            lxi b, 03000h
0071   0125 CD 2B 01            call copy
0072   0128 C3 28 01            jmp $
0073   012B             
0074   012B             ;------------------------
0075   012B             
0076   012B             copy:
0077   012B 1A                  ldax d
0078   012C 77                  mov m, a
0079   012D 1B                  dcx d
0080   012E 2B                  dcx h
0081   012F 0B                  dcx b
0082   0130 79                  mov a, c
0083   0131 B0                  ora b
0084   0132 C2 2B 01            jnz copy
0085   0135 C9                  ret
0086   0136             
0087   0136             .include "unmlz.inc"
0001+  0136             unmlz:		;push	b
0002+  0136 3E 80       		mvi	a, 80h
0003+  0138             UNLD:
0004+  0138 32 07 02    		sta	unmlz_1
0005+  013B 1A          		ldax	d
0006+  013C 13          		inx	d
0007+  013D C3 49 01    		jmp	UNSTA
0008+  0140             ; ---------------------------------------------------------------------------
0009+  0140 7E          UNST3:		mov	a, m
0010+  0141 23          		inx	h
0011+  0142 02          		stax	b
0012+  0143 03          		inx	b
0013+  0144             		
0014+  0144 7E          UNST2:		mov	a, m
0015+  0145 23          		inx	h
0016+  0146 02          		stax	b
0017+  0147 03          		inx	b
0018+  0148             
0019+  0148 7E          UNST1:		mov	a, m
0020+  0149             
0021+  0149 02          UNSTA:		stax	b
0022+  014A 03          		inx	b
0023+  014B             
0024+  014B 3A 07 02    ULOOP:		lda	unmlz_1
0025+  014E 87          		add	a
0026+  014F C2 55 01    		jnz	L1
0027+  0152 1A          		ldax	d
0028+  0153 13          		inx	d
0029+  0154 17          		ral
0030+  0155             
0031+  0155 DA 38 01    L1:		jc	UNLD
0032+  0158 87          		add	a
0033+  0159 C2 5F 01    		jnz	L3
0034+  015C 1A          		ldax	d
0035+  015D 13          		inx	d
0036+  015E 17          		ral
0037+  015F             
0038+  015F DA 85 01    L3:		jc	UN2
0039+  0162 87          		add	a
0040+  0163 C2 69 01    		jnz	L2
0041+  0166 1A          		ldax	d
0042+  0167 13          		inx	d
0043+  0168 17          		ral
0044+  0169             
0045+  0169 DA 79 01    L2:		jc	UN1
0046+  016C 21 FF 3F    		lxi	h, 3FFFh
0047+  016F CD D0 01    		call	GETBITS
0048+  0172 32 07 02    		sta	unmlz_1
0049+  0175 09          		dad	b
0050+  0176 C3 48 01    		jmp	UNST1
0051+  0179             
0052+  0179             ; ---------------------------------------------------------------------------
0053+  0179             
0054+  0179 32 07 02    UN1:		sta	unmlz_1
0055+  017C 1A          		ldax	d
0056+  017D 13          		inx	d
0057+  017E 6F          		mov	l, a
0058+  017F 26 FF       		mvi	h, 0FFh
0059+  0181 09          		dad	b
0060+  0182 C3 44 01    		jmp	UNST2
0061+  0185             
0062+  0185             ; ---------------------------------------------------------------------------
0063+  0185             
0064+  0185 87          UN2:		add	a
0065+  0186 C2 8C 01    		jnz	L4
0066+  0189 1A          		ldax	d
0067+  018A 13          		inx	d
0068+  018B 17          		ral
0069+  018C             
0070+  018C DA 96 01    L4:		jc	UN3
0071+  018F CD E5 01    		call	GETBIGD
0072+  0192 09          		dad	b
0073+  0193 C3 40 01    		jmp	UNST3
0074+  0196             
0075+  0196             ; ---------------------------------------------------------------------------
0076+  0196             
0077+  0196 26 00       UN3:		mvi	h, 0
0078+  0198             
0079+  0198 24          UN3A:		inr	h
0080+  0199 87          		add	a
0081+  019A C2 A0 01    		jnz	L5
0082+  019D 1A          		ldax	d
0083+  019E 13          		inx	d
0084+  019F 17          		ral
0085+  01A0             
0086+  01A0 D2 98 01    L5:		jnc	UN3A
0087+  01A3 F5          		push	psw
0088+  01A4 7C          		mov	a, h
0089+  01A5 FE 08       		cpi	8
0090+  01A7 D2 CE 01    		jnc	UNEXIT
0091+  01AA 3E 00       		mvi	a, 0
0092+  01AC             
0093+  01AC 1F          L5B:		rar
0094+  01AD 25          		dcr	h
0095+  01AE C2 AC 01    		jnz	L5B
0096+  01B1 67          		mov	h, a
0097+  01B2 2E 01       		mvi	l, 1
0098+  01B4 F1          		pop	psw
0099+  01B5 CD D0 01    		call	GETBITS
0100+  01B8 23          		inx	h
0101+  01B9 23          		inx	h
0102+  01BA E5          		push	h
0103+  01BB CD E5 01    		call	GETBIGD
0104+  01BE EB          		xchg
0105+  01BF E3          		xthl
0106+  01C0 EB          		xchg
0107+  01C1 09          		dad	b
0108+  01C2             
0109+  01C2 7E          LDIR:		mov	a, m
0110+  01C3 23          		inx	h
0111+  01C4 02          		stax	b
0112+  01C5 03          		inx	b
0113+  01C6 1D          		dcr	e
0114+  01C7 C2 C2 01    		jnz	LDIR
0115+  01CA D1          		pop	d
0116+  01CB C3 4B 01    		jmp	ULOOP
0117+  01CE             
0118+  01CE             ; ---------------------------------------------------------------------------
0119+  01CE             
0120+  01CE F1          UNEXIT:		pop	psw
0121+  01CF             		;pop	b
0122+  01CF C9          		ret
0123+  01D0             
0124+  01D0             ; ===========================================================================
0125+  01D0             
0126+  01D0 87          GETBITS:	add	a
0127+  01D1 C2 D7 01    		jnz	L7
0128+  01D4 1A          		ldax	d
0129+  01D5 13          		inx	d
0130+  01D6 17          		ral		
0131+  01D7 DA DF 01    L7:		jc	GETB1
0132+  01DA 29          		dad	h
0133+  01DB D8          		rc
0134+  01DC C3 D0 01    		jmp	GETBITS
0135+  01DF             
0136+  01DF             ; ---------------------------------------------------------------------------
0137+  01DF             
0138+  01DF 29          GETB1:		dad	h
0139+  01E0 2C          		inr	l
0140+  01E1 D8          		rc
0141+  01E2 C3 D0 01    		jmp	GETBITS
0142+  01E5             
0143+  01E5             ; ===========================================================================
0144+  01E5             
0145+  01E5 87          GETBIGD:	add	a
0146+  01E6 C2 EC 01    		jnz	L8
0147+  01E9 1A          		ldax	d
0148+  01EA 13          		inx	d
0149+  01EB 17          		ral
0150+  01EC             
0151+  01EC DA F8 01    L8:		jc	GETBD1
0152+  01EF 32 07 02    		sta	unmlz_1
0153+  01F2 1A          		ldax	d
0154+  01F3 13          		inx	d
0155+  01F4 6F          		mov	l, a
0156+  01F5 26 FF       		mvi	h, 0FFh
0157+  01F7 C9          		ret
0158+  01F8             
0159+  01F8             ; ---------------------------------------------------------------------------
0160+  01F8             
0161+  01F8 21 FF 1F    GETBD1:		lxi	h, 1FFFh
0162+  01FB CD D0 01    		call	GETBITS
0163+  01FE 32 07 02    		sta	unmlz_1
0164+  0201 65          		mov	h, l
0165+  0202 25          		dcr	h
0166+  0203 1A          		ldax	d
0167+  0204 13          		inx	d
0168+  0205 6F          		mov	l, a
0169+  0206 C9          		ret
0170+  0207             
0171+  0207 00          unmlz_1: .db 00088   0208             
0089   0208             img:
0090   0208             
0091   0208             .include "test2.h"
0001+  0208             
0002+  0208 30 1E 20 98   .db 48,30,32,152,255,64,1,210,0,255,24,79,3,251,129,6,3,62,2,80,127,248,116,72,153,217,156,191,226,28,30,143,127,39,75,125,124,249,254,126,143,127,255,22,63,47,159,15,227,31,14,219,243,193,90,0,225,240,51,15,180,128,255,155,241
0002+  020C FF 40 01 D2 
0002+  0210 00 FF 18 4F 
0002+  0214 03 FB 81 06 
0002+  0218 03 3E 02 50 
0002+  021C 7F F8 74 48 
0002+  0220 99 D9 9C BF 
0002+  0224 E2 1C 1E 8F 
0002+  0228 7F 27 4B 7D 
0002+  022C 7C F9 FE 7E 
0002+  0230 8F 7F FF 16 
0002+  0234 3F 2F 9F 0F 
0002+  0238 E3 1F 0E DB 
0002+  023C F3 C1 5A 00 
0002+  0240 E1 F0 33 0F 
0002+  0244 B4 80 FF 9B 
0002+  0248 F1 
0003+  0249 E8 76 3F EC   .db 232,118,63,236,103,199,232,251,127,191,223,32,194,249,231,224,252,203,183,230,33,32,65,185,16,23,66,1,7,240,8,2,13,18,190,34,69,138,85,170,193,101,254,42,77,252,10,21,237,244,213,234,33,250,186,33,254,246,140,245,3,27,120,200,247
0003+  024D 67 C7 E8 FB 
0003+  0251 7F BF DF 20 
0003+  0255 C2 F9 E7 E0 
0003+  0259 FC CB B7 E6 
0003+  025D 21 20 41 B9 
0003+  0261 10 17 42 01 
0003+  0265 07 F0 08 02 
0003+  0269 0D 12 BE 22 
0003+  026D 45 8A 55 AA 
0003+  0271 C1 65 FE 2A 
0003+  0275 4D FC 0A 15 
0003+  0279 ED F4 D5 EA 
0003+  027D 21 FA BA 21 
0003+  0281 FE F6 8C F5 
0003+  0285 03 1B 78 C8 
0003+  0289 F7 
0004+  028A F6 F0 F1 C6   .db 246,240,241,198,253,249,63,253,248,244,227,236,237,221,199,189,148,125,21,255,252,56,72,146,0,128,8,88,192,135,62,73,18,255,38,133,1,8,68,4,10,0,141,112,25,255,240,125,53,252,254,180,246,179,255,63,241,152,67,79,125,50,55,241,216
0004+  028E FD F9 3F FD 
0004+  0292 F8 F4 E3 EC 
0004+  0296 ED DD C7 BD 
0004+  029A 94 7D 15 FF 
0004+  029E FC 38 48 92 
0004+  02A2 00 80 08 58 
0004+  02A6 C0 87 3E 49 
0004+  02AA 12 FF 26 85 
0004+  02AE 01 08 44 04 
0004+  02B2 0A 00 8D 70 
0004+  02B6 19 FF F0 7D 
0004+  02BA 35 FC FE B4 
0004+  02BE F6 B3 FF 3F 
0004+  02C2 F1 98 43 4F 
0004+  02C6 7D 32 37 F1 
0004+  02CA D8 
0005+  02CB AD FF FB FF   .db 173,255,251,255,247,207,228,246,59,79,252,133,7,3,11,131,69,111,227,241,251,255,30,252,47,240,228,194,255,132,8,66,44,24,16,1,0,197,32,137,123,255,1,74,70,96,10,238,254,20,136,4,103,157,34,75,209,242,200,245,254,127,199,123,239
0005+  02CF F7 CF E4 F6 
0005+  02D3 3B 4F FC 85 
0005+  02D7 07 03 0B 83 
0005+  02DB 45 6F E3 F1 
0005+  02DF FB FF 1E FC 
0005+  02E3 2F F0 E4 C2 
0005+  02E7 FF 84 08 42 
0005+  02EB 2C 18 10 01 
0005+  02EF 00 C5 20 89 
0005+  02F3 7B FF 01 4A 
0005+  02F7 46 60 0A EE 
0005+  02FB FE 14 88 04 
0005+  02FF 67 9D 22 4B 
0005+  0303 D1 F2 C8 F5 
0005+  0307 FE 7F C7 7B 
0005+  030B EF 
0006+  030C FD 31 FA FE   .db 253,49,250,254,62,238,125,250,213,234,48,77,191,250,117,102,174,202,255,120,255,247,251,253,254,249,126,190,4,143,187,183,199,175,207,252,215,219,237,238,239,247,127,112,60,226,160,131,249,231,255,222,61,248,240,224,242,232,3,255,194,4,124,248,192
0006+  0310 3E EE 7D FA 
0006+  0314 D5 EA 30 4D 
0006+  0318 BF FA 75 66 
0006+  031C AE CA FF 78 
0006+  0320 FF F7 FB FD 
0006+  0324 FE F9 7E BE 
0006+  0328 04 8F BB B7 
0006+  032C C7 AF CF FC 
0006+  0330 D7 DB ED EE 
0006+  0334 EF F7 7F 70 
0006+  0338 3C E2 A0 83 
0006+  033C F9 E7 FF DE 
0006+  0340 3D F8 F0 E0 
0006+  0344 F2 E8 03 FF 
0006+  0348 C2 04 7C F8 
0006+  034C C0 
0007+  034D F1 E7 E0 C5   .db 241,231,224,197,246,63,147,60,217,166,62,196,3,159,142,248,145,194,127,63,27,241,225,76,230,243,226,253,248,250,254,158,63,127,191,207,247,224,172,15,103,166,254,252,195,232,128,248,8,132,0,147,36,184,2,32,91,101,136,5,111,228,254,84,42
0007+  0351 F6 3F 93 3C 
0007+  0355 D9 A6 3E C4 
0007+  0359 03 9F 8E F8 
0007+  035D 91 C2 7F 3F 
0007+  0361 1B F1 E1 4C 
0007+  0365 E6 F3 E2 FD 
0007+  0369 F8 FA FE 9E 
0007+  036D 3F 7F BF CF 
0007+  0371 F7 E0 AC 0F 
0007+  0375 67 A6 FE FC 
0007+  0379 C3 E8 80 F8 
0007+  037D 08 84 00 93 
0007+  0381 24 B8 02 20 
0007+  0385 5B 65 88 05 
0007+  0389 6F E4 FE 54 
0007+  038D 2A 
0008+  038E A0 FE 00 40   .db 160,254,0,64,3,96,226,125,255,206,120,255,221,235,253,234,217,170,245,218,248,174,87,255,93,250,140,211,0,118,255,191,223,126,255,207,239,231,7,227,46,247,243,63,245,249,252,247,254,192,240,255,56,53,223,252,239,63,251,126,254,128,51,19,31
0008+  0392 03 60 E2 7D 
0008+  0396 FF CE 78 FF 
0008+  039A DD EB FD EA 
0008+  039E D9 AA F5 DA 
0008+  03A2 F8 AE 57 FF 
0008+  03A6 5D FA 8C D3 
0008+  03AA 00 76 FF BF 
0008+  03AE DF 7E FF CF 
0008+  03B2 EF E7 07 E3 
0008+  03B6 2E F7 F3 3F 
0008+  03BA F5 F9 FC F7 
0008+  03BE FE C0 F0 FF 
0008+  03C2 38 35 DF FC 
0008+  03C6 EF 3F FB 7E 
0008+  03CA FE 80 33 13 
0008+  03CE 1F 
0009+  03CF 18 D3 E4 DF   .db 24,211,228,223,44,207,251,193,63,221,19,158,227,152,216,244,243,30,252,79,30,31,64,216,12,240,15,143,195,239,126,253,14,207,124,185,81,185,247,125,124,117,242,56,222,252,63,143,56,206,254,70,255,240,60,224,253,255,193,176,97,2,69,130,121
0009+  03D3 2C CF FB C1 
0009+  03D7 3F DD 13 9E 
0009+  03DB E3 98 D8 F4 
0009+  03DF F3 1E FC 4F 
0009+  03E3 1E 1F 40 D8 
0009+  03E7 0C F0 0F 8F 
0009+  03EB C3 EF 7E FD 
0009+  03EF 0E CF 7C B9 
0009+  03F3 51 B9 F7 7D 
0009+  03F7 7C 75 F2 38 
0009+  03FB DE FC 3F 8F 
0009+  03FF 38 CE FE 46 
0009+  0403 FF F0 3C E0 
0009+  0407 FD FF C1 B0 
0009+  040B 61 02 45 82 
0009+  040F 79 
0010+  0410 02 38 AE 0A   .db 2,56,174,10,152,0,241,6,125,192,12,243,248,158,0,127,254,113,250,119,251,247,186,118,111,87,234,97,198,150,219,207,63,207,72,94,95,159,143,175,183,248,215,235,243,249,252,217,48,71,61,227,215,239,236,47,68,178,252,228,7,195,176,5,124
0010+  0414 98 00 F1 06 
0010+  0418 7D C0 0C F3 
0010+  041C F8 9E 00 7F 
0010+  0420 FE 71 FA 77 
0010+  0424 FB F7 BA 76 
0010+  0428 6F 57 EA 61 
0010+  042C C6 96 DB CF 
0010+  0430 3F CF 48 5E 
0010+  0434 5F 9F 8F AF 
0010+  0438 B7 F8 D7 EB 
0010+  043C F3 F9 FC D9 
0010+  0440 30 47 3D E3 
0010+  0444 D7 EF EC 2F 
0010+  0448 44 B2 FC E4 
0010+  044C 07 C3 B0 05 
0010+  0450 7C 
0011+  0451 F7 FB 0B 3F   .db 247,251,11,63,187,28,119,132,231,80,41,231,47,1,6,38,15,3,115,59,255,192,102,12,49,252,127,31,221,215,62,242,112,0,243,159,228,207,180,12,146,254,47,145,115,127,16,253,159,201,103,135,185,254,239,123,63,159,95,167,176,81,74,90,6
0011+  0455 BB 1C 77 84 
0011+  0459 E7 50 29 E7 
0011+  045D 2F 01 06 26 
0011+  0461 0F 03 73 3B 
0011+  0465 FF C0 66 0C 
0011+  0469 31 FC 7F 1F 
0011+  046D DD D7 3E F2 
0011+  0471 70 00 F3 9F 
0011+  0475 E4 CF B4 0C 
0011+  0479 92 FE 2F 91 
0011+  047D 73 7F 10 FD 
0011+  0481 9F C9 67 87 
0011+  0485 B9 FE EF 7B 
0011+  0489 3F 9F 5F A7 
0011+  048D B0 51 4A 5A 
0011+  0491 06 
0012+  0492 EA B9 00 A2   .db 234,185,0,162,213,130,1,249,112,9,128,249,254,104,98,169,255,253,129,59,66,238,221,52,190,197,21,212,79,238,244,119,241,228,246,77,223,181,14,71,179,7,252,222,254,56,41,127,115,19,223,160,30,195,121,249,24,220,181,187,215,0,241,231,144
0012+  0496 D5 82 01 F9 
0012+  049A 70 09 80 F9 
0012+  049E FE 68 62 A9 
0012+  04A2 FF FD 81 3B 
0012+  04A6 42 EE DD 34 
0012+  04AA BE C5 15 D4 
0012+  04AE 4F EE F4 77 
0012+  04B2 F1 E4 F6 4D 
0012+  04B6 DF B5 0E 47 
0012+  04BA B3 07 FC DE 
0012+  04BE FE 38 29 7F 
0012+  04C2 73 13 DF A0 
0012+  04C6 1E C3 79 F9 
0012+  04CA 18 DC B5 BB 
0012+  04CE D7 00 F1 E7 
0012+  04D2 90 
0013+  04D3 00 C2 BE 06   .db 0,194,190,6,9,24,32,1,60,3,1,63,31,62,65,63,127,39,23,231,129,27,252,159,8,95,65,98,168,64,215,4,192,159,245,251,163,131,4,255,91,10,174,48,246,87,162,63,32,8,0,16,128,252,94,80,99,42,255,190,108,214,174,93,65
0013+  04D7 09 18 20 01 
0013+  04DB 3C 03 01 3F 
0013+  04DF 1F 3E 41 3F 
0013+  04E3 7F 27 17 E7 
0013+  04E7 81 1B FC 9F 
0013+  04EB 08 5F 41 62 
0013+  04EF A8 40 D7 04 
0013+  04F3 C0 9F F5 FB 
0013+  04F7 A3 83 04 FF 
0013+  04FB 5B 0A AE 30 
0013+  04FF F6 57 A2 3F 
0013+  0503 20 08 00 10 
0013+  0507 80 FC 5E 50 
0013+  050B 63 2A FF BE 
0013+  050F 6C D6 AE 5D 
0013+  0513 41 
0014+  0514 00 CF 6A E0   .db 0,207,106,224,180,231,0,87,87,78,222,15,245,63,230,247,252,254,248,4,227,158,230,250,128,127,247,191,223,127,143,239,247,144,47,232,233,207,204,127,128,31,51,159,205,225,248,240,0,128,215,64,144,32,31,2,112,32,9,132,63,208,128,1,83
0014+  0518 B4 E7 00 57 
0014+  051C 57 4E DE 0F 
0014+  0520 F5 3F E6 F7 
0014+  0524 FC FE F8 04 
0014+  0528 E3 9E E6 FA 
0014+  052C 80 7F F7 BF 
0014+  0530 DF 7F 8F EF 
0014+  0534 F7 90 2F E8 
0014+  0538 E9 CF CC 7F 
0014+  053C 80 1F 33 9F 
0014+  0540 CD E1 F8 F0 
0014+  0544 00 80 D7 40 
0014+  0548 90 20 1F 02 
0014+  054C 70 20 09 84 
0014+  0550 3F D0 80 01 
0014+  0554 53 
0015+  0555 A7 0F FF 07   .db 167,15,255,7,87,34,125,134,25,6,137,253,118,0,95,47,147,77,130,95,223,10,183,28,13,10,0,254,163,242,197,171,241,32,49,0,4,37,142,75,142,37,255,119,204,154,184,73,56,159,25,108,224,224,159,51,243,96,99,249,82,97,7,225,119
0015+  0559 57 22 7D 86 
0015+  055D 19 06 89 FD 
0015+  0561 76 00 5F 2F 
0015+  0565 93 4D 82 5F 
0015+  0569 DF 0A B7 1C 
0015+  056D 0D 0A 00 FE 
0015+  0571 A3 F2 C5 AB 
0015+  0575 F1 20 31 00 
0015+  0579 04 25 8E 4B 
0015+  057D 8E 25 FF 77 
0015+  0581 CC 9A B8 49 
0015+  0585 38 9F 19 6C 
0015+  0589 E0 E0 9F 33 
0015+  058D F3 60 63 F9 
0015+  0591 52 61 07 E1 
0015+  0595 77 
0016+  0596 E6 E7 FE F0   .db 230,231,254,240,59,31,248,224,254,253,119,196,21,10,251,231,240,248,204,63,147,159,228,225,240,250,120,224,2,227,159,70,231,243,92,254,239,152,56,224,217,28,254,76,251,9,106,15,6,28,32,80,3,200,3,194,152,34,96,179,189,12,125,238,174
0016+  059A 3B 1F F8 E0 
0016+  059E FE FD 77 C4 
0016+  05A2 15 0A FB E7 
0016+  05A6 F0 F8 CC 3F 
0016+  05AA 93 9F E4 E1 
0016+  05AE F0 FA 78 E0 
0016+  05B2 02 E3 9F 46 
0016+  05B6 E7 F3 5C FE 
0016+  05BA EF 98 38 E0 
0016+  05BE D9 1C FE 4C 
0016+  05C2 FB 09 6A 0F 
0016+  05C6 06 1C 20 50 
0016+  05CA 03 C8 03 C2 
0016+  05CE 98 22 60 B3 
0016+  05D2 BD 0C 7D EE 
0016+  05D6 AE 
0017+  05D7 EE 30 0A 7B   .db 238,48,10,123,132,128,158,153,207,27,64,1,254,179,250,247,0,227,27,31,15,205,195,225,200,243,218,75,5,123,85,226,15,249,249,50,231,207,67,239,139,79,25,133,248,135,119,172,252,127,209,184,215,241,199,195,143,159,97,120,193,63,38,253,0
0017+  05DB 84 80 9E 99 
0017+  05DF CF 1B 40 01 
0017+  05E3 FE B3 FA F7 
0017+  05E7 00 E3 1B 1F 
0017+  05EB 0F CD C3 E1 
0017+  05EF C8 F3 DA 4B 
0017+  05F3 05 7B 55 E2 
0017+  05F7 0F F9 F9 32 
0017+  05FB E7 CF 43 EF 
0017+  05FF 8B 4F 19 85 
0017+  0603 F8 87 77 AC 
0017+  0607 FC 7F D1 B8 
0017+  060B D7 F1 C7 C3 
0017+  060F 8F 9F 61 78 
0017+  0613 C1 3F 26 FD 
0017+  0617 00 
0018+  0618 E7 D7 EE C3   .db 231,215,238,195,31,230,255,248,224,232,216,252,208,4,0,30,124,65,53,248,246,2,150,5,10,185,18,94,56,224,238,245,187,63,127,48,21,166,4,40,0,245,68,100,159,125,198,107,48,255,241,213,191,215,186,25,255,0,198,231,200,153,76,72,241
0018+  061C 1F E6 FF F8 
0018+  0620 E0 E8 D8 FC 
0018+  0624 D0 04 00 1E 
0018+  0628 7C 41 35 F8 
0018+  062C F6 02 96 05 
0018+  0630 0A B9 12 5E 
0018+  0634 38 E0 EE F5 
0018+  0638 BB 3F 7F 30 
0018+  063C 15 A6 04 28 
0018+  0640 00 F5 44 64 
0018+  0644 9F 7D C6 6B 
0018+  0648 30 FF F1 D5 
0018+  064C BF D7 BA 19 
0018+  0650 FF 00 C6 E7 
0018+  0654 C8 99 4C 48 
0018+  0658 F1 
0019+  0659 00 19 79 10   .db 0,25,121,16,167,206,218,235,243,230,127,41,114,103,62,60,192,15,157,31,254,143,206,136,160,179,124,79,121,4,249,129,31,243,0,192,3,7,221,127,94,227,188,250,196,208,190,5,249,110,18,192,107,255,144,22,187,2,10,31,254,227,93,42,87
0019+  065D A7 CE DA EB 
0019+  0661 F3 E6 7F 29 
0019+  0665 72 67 3E 3C 
0019+  0669 C0 0F 9D 1F 
0019+  066D FE 8F CE 88 
0019+  0671 A0 B3 7C 4F 
0019+  0675 79 04 F9 81 
0019+  0679 1F F3 00 C0 
0019+  067D 03 07 DD 7F 
0019+  0681 5E E3 BC FA 
0019+  0685 C4 D0 BE 05 
0019+  0689 F9 6E 12 C0 
0019+  068D 6B FF 90 16 
0019+  0691 BB 02 0A 1F 
0019+  0695 FE E3 5D 2A 
0019+  0699 57 
0020+  069A 7C D5 BA DD   .db 124,213,186,221,174,215,111,245,234,95,251,255,85,239,113,42,21,128,96,24,246,126,251,245,255,57,248,0,119,27,85,190,49,182,249,252,19,79,231,124,24,115,112,250,159,255,60,253,63,135,145,163,244,210,38,226,248,207,12,192,8,141,100,193,240
0020+  069E AE D7 6F F5 
0020+  06A2 EA 5F FB FF 
0020+  06A6 55 EF 71 2A 
0020+  06AA 15 80 60 18 
0020+  06AE F6 7E FB F5 
0020+  06B2 FF 39 F8 00 
0020+  06B6 77 1B 55 BE 
0020+  06BA 31 B6 F9 FC 
0020+  06BE 13 4F E7 7C 
0020+  06C2 18 73 70 FA 
0020+  06C6 9F FF 3C FD 
0020+  06CA 3F 87 91 A3 
0020+  06CE F4 D2 26 E2 
0020+  06D2 F8 CF 0C C0 
0020+  06D6 08 8D 64 C1 
0020+  06DA F0 
0021+  06DB C3 E0 E7 CF   .db 195,224,231,207,44,39,173,96,177,231,198,64,38,172,252,115,25,226,200,2,29,48,139,32,19,237,133,11,119,64,199,219,191,191,217,254,253,250,244,224,64,94,249,96,153,159,8,87,0,81,171,19,174,247,204,235,245,158,190,95,251,87,171,85,224
0021+  06DF 2C 27 AD 60 
0021+  06E3 B1 E7 C6 40 
0021+  06E7 26 AC FC 73 
0021+  06EB 19 E2 C8 02 
0021+  06EF 1D 30 8B 20 
0021+  06F3 13 ED 85 0B 
0021+  06F7 77 40 C7 DB 
0021+  06FB BF BF D9 FE 
0021+  06FF FD FA F4 E0 
0021+  0703 40 5E F9 60 
0021+  0707 99 9F 08 57 
0021+  070B 00 51 AB 13 
0021+  070F AE F7 CC EB 
0021+  0713 F5 9E BE 5F 
0021+  0717 FB 57 AB 55 
0021+  071B E0 
0022+  071C BA 19 2D EA   .db 186,25,45,234,131,6,204,97,189,52,12,50,112,157,238,251,93,254,153,163,254,237,142,250,243,126,14,252,112,95,211,144,219,195,241,100,212,249,15,159,252,63,115,30,50,39,34,1,255,141,228,199,43,185,64,42,219,207,52,40,121,57,223,121,165
0022+  0720 83 06 CC 61 
0022+  0724 BD 34 0C 32 
0022+  0728 70 9D EE FB 
0022+  072C 5D FE 99 A3 
0022+  0730 FE ED 8E FA 
0022+  0734 F3 7E 0E FC 
0022+  0738 70 5F D3 90 
0022+  073C DB C3 F1 64 
0022+  0740 D4 F9 0F 9F 
0022+  0744 FC 3F 73 1E 
0022+  0748 32 27 22 01 
0022+  074C FF 8D E4 C7 
0022+  0750 2B B9 40 2A 
0022+  0754 DB CF 34 28 
0022+  0758 79 39 DF 79 
0022+  075C A5 
0023+  075D 3C 7D DE E8   .db 60,125,222,232,244,241,111,192,194,248,253,248,127,15,31,131,72,78,90,235,95,124,252,47,199,227,247,250,246,253,254,252,160,9,60,250,159,162,252,80,128,17,139,202,220,231,162,223,17,171,223,235,225,125,186,85,13,168,249,1,33,24,0,127,108
0023+  0761 F4 F1 6F C0 
0023+  0765 C2 F8 FD F8 
0023+  0769 7F 0F 1F 83 
0023+  076D 48 4E 5A EB 
0023+  0771 5F 7C FC 2F 
0023+  0775 C7 E3 F7 FA 
0023+  0779 F6 FD FE FC 
0023+  077D A0 09 3C FA 
0023+  0781 9F A2 FC 50 
0023+  0785 80 11 8B CA 
0023+  0789 DC E7 A2 DF 
0023+  078D 11 AB DF EB 
0023+  0791 E1 7D BA 55 
0023+  0795 0D A8 F9 01 
0023+  0799 21 18 00 7F 
0023+  079D 6C 
0024+  079E 88 1F F4 88   .db 136,31,244,136,213,111,119,234,125,161,170,19,253,49,30,3,240,255,79,170,44,247,76,83,114,170,38,83,0,198,15,255,225,136,159,31,242,121,230,124,143,243,143,229,153,255,231,44,148,255,192,206,158,253,241,124,136,156,57,31,97,59,151,207,183
0024+  07A2 D5 6F 77 EA 
0024+  07A6 7D A1 AA 13 
0024+  07AA FD 31 1E 03 
0024+  07AE F0 FF 4F AA 
0024+  07B2 2C F7 4C 53 
0024+  07B6 72 AA 26 53 
0024+  07BA 00 C6 0F FF 
0024+  07BE E1 88 9F 1F 
0024+  07C2 F2 79 E6 7C 
0024+  07C6 8F F3 8F E5 
0024+  07CA 99 FF E7 2C 
0024+  07CE 94 FF C0 CE 
0024+  07D2 9E FD F1 7C 
0024+  07D6 88 9C 39 1F 
0024+  07DA 61 3B 97 CF 
0024+  07DE B7 
0025+  07DF F8 13 C7 03   .db 248,19,199,3,129,207,195,2,63,215,224,142,255,191,95,167,209,224,64,128,185,215,154,123,255,189,222,199,171,209,233,245,251,87,253,235,63,95,175,236,96,19,61,0,186,255,16,8,4,160,7,252,223,255,119,254,149,117,254,215,175,245,255,127,42
0025+  07E3 81 CF C3 02 
0025+  07E7 3F D7 E0 8E 
0025+  07EB FF BF 5F A7 
0025+  07EF D1 E0 40 80 
0025+  07F3 B9 D7 9A 7B 
0025+  07F7 FF BD DE C7 
0025+  07FB AB D1 E9 F5 
0025+  07FF FB 57 FD EB 
0025+  0803 3F 5F AF EC 
0025+  0807 60 13 3D 00 
0025+  080B BA FF 10 08 
0025+  080F 04 A0 07 FC 
0025+  0813 DF FF 77 FE 
0025+  0817 95 75 FE D7 
0025+  081B AF F5 FF 7F 
0025+  081F 2A 
0026+  0820 80 B0 7C 39   .db 128,176,124,57,1,28,25,206,143,119,137,171,125,102,140,175,238,95,54,5,128,127,108,6,3,68,15,29,47,122,87,239,186,88,89,206,53,250,91,3,137,241,243,231,201,25,254,21,231,7,175,240,36,22,217,191,70,202,255,124,120,252,115,126,79
0026+  0824 01 1C 19 CE 
0026+  0828 8F 77 89 AB 
0026+  082C 7D 66 8C AF 
0026+  0830 EE 5F 36 05 
0026+  0834 80 7F 6C 06 
0026+  0838 03 44 0F 1D 
0026+  083C 2F 7A 57 EF 
0026+  0840 BA 58 59 CE 
0026+  0844 35 FA 5B 03 
0026+  0848 89 F1 F3 E7 
0026+  084C C9 19 FE 15 
0026+  0850 E7 07 AF F0 
0026+  0854 24 16 D9 BF 
0026+  0858 46 CA FF 7C 
0026+  085C 78 FC 73 7E 
0026+  0860 4F 
0027+  0861 63 30 72 36   .db 99,48,114,54,113,112,230,234,232,227,89,18,79,226,112,247,95,103,176,121,124,2,229,79,71,99,250,15,232,235,78,87,71,16,4,232,238,67,65,64,5,255,66,236,69,106,85,18,145,254,98,252,96,64,75,112,167,160,156,119,126,125,0,104,106
0027+  0865 71 70 E6 EA 
0027+  0869 E8 E3 59 12 
0027+  086D 4F E2 70 F7 
0027+  0871 5F 67 B0 79 
0027+  0875 7C 02 E5 4F 
0027+  0879 47 63 FA 0F 
0027+  087D E8 EB 4E 57 
0027+  0881 47 10 04 E8 
0027+  0885 EE 43 41 40 
0027+  0889 05 FF 42 EC 
0027+  088D 45 6A 55 12 
0027+  0891 91 FE 62 FC 
0027+  0895 60 40 4B 70 
0027+  0899 A7 A0 9C 77 
0027+  089D 7E 7D 00 68 
0027+  08A1 6A 
0028+  08A2 5E 7A 5F 6B   .db 94,122,95,107,93,20,117,12,94,110,129,250,107,103,177,208,104,81,191,95,98,80,110,87,123,137,127,85,133,111,122,33,210,35,212,215,230,234,216,61,63,241,50,207,63,240,201,159,248,192,133,215,112,30,255,218,0,254,13,219,183,109,236,217,53
0028+  08A6 5D 14 75 0C 
0028+  08AA 5E 6E 81 FA 
0028+  08AE 6B 67 B1 D0 
0028+  08B2 68 51 BF 5F 
0028+  08B6 62 50 6E 57 
0028+  08BA 7B 89 7F 55 
0028+  08BE 85 6F 7A 21 
0028+  08C2 D2 23 D4 D7 
0028+  08C6 E6 EA D8 3D 
0028+  08CA 3F F1 32 CF 
0028+  08CE 3F F0 C9 9F 
0028+  08D2 F8 C0 85 D7 
0028+  08D6 70 1E FF DA 
0028+  08DA 00 FE 0D DB 
0028+  08DE B7 6D EC D9 
0028+  08E2 35 
0029+  08E3 AD 0D 67 FF   .db 173,13,103,255,181,57,221,253,239,119,187,29,254,0,26,19,223,254,9,243,240,156,31,115,196,119,120,145,17,0,254,224,251,88,26,166,255,67,30,159,231,111,190,228,249,115,252,40,222,28,1,135,231,192,234,1,0,63,129,249,223,126,170,214,242
0029+  08E7 B5 39 DD FD 
0029+  08EB EF 77 BB 1D 
0029+  08EF FE 00 1A 13 
0029+  08F3 DF FE 09 F3 
0029+  08F7 F0 9C 1F 73 
0029+  08FB C4 77 78 91 
0029+  08FF 11 00 FE E0 
0029+  0903 FB 58 1A A6 
0029+  0907 FF 43 1E 9F 
0029+  090B E7 6F BE E4 
0029+  090F F9 73 FC 28 
0029+  0913 DE 1C 01 87 
0029+  0917 E7 C0 EA 01 
0029+  091B 00 3F 81 F9 
0029+  091F DF 7E AA D6 
0029+  0923 F2 
0030+  0924 4B 53 8B 00   .db 75,83,139,0,108,41,14,194,0,9,4,254,175,103,171,249,209,66,121,251,129,219,230,0,151,77,14,48,252,2,209,192,238,55,0,170,70,87,6,248,216,254,30,40,0,243,22,244,218,252,176,254,60,88,0,127,159,22,167,209,201,216,243,127,30
0030+  0928 6C 29 0E C2 
0030+  092C 00 09 04 FE 
0030+  0930 AF 67 AB F9 
0030+  0934 D1 42 79 FB 
0030+  0938 81 DB E6 00 
0030+  093C 97 4D 0E 30 
0030+  0940 FC 02 D1 C0 
0030+  0944 EE 37 00 AA 
0030+  0948 46 57 06 F8 
0030+  094C D8 FE 1E 28 
0030+  0950 00 F3 16 F4 
0030+  0954 DA FC B0 FE 
0030+  0958 3C 58 00 7F 
0030+  095C 9F 16 A7 D1 
0030+  0960 C9 D8 F3 7F 
0030+  0964 1E 
0031+  0965 0B 00 7E B5   .db 11,0,126,181,5,252,138,207,166,2,162,54,192,238,45,0,221,5,252,208,3,237,96,34,39,192,244,229,0,63,234,6,240,48,246,60,10,0,214,255,233,209,220,216,124,223,30,36,0,4,16,30,51,31,252,236,88,250,60,29,198,0,208,47,2
0031+  0969 05 FC 8A CF 
0031+  096D A6 02 A2 36 
0031+  0971 C0 EE 2D 00 
0031+  0975 DD 05 FC D0 
0031+  0979 03 ED 60 22 
0031+  097D 27 C0 F4 E5 
0031+  0981 00 3F EA 06 
0031+  0985 F0 30 F6 3C 
0031+  0989 0A 00 D6 FF 
0031+  098D E9 D1 DC D8 
0031+  0991 7C DF 1E 24 
0031+  0995 00 04 10 1E 
0031+  0999 33 1F FC EC 
0031+  099D 58 FA 3C 1D 
0031+  09A1 C6 00 D0 2F 
0031+  09A5 02 
0032+  09A6 18 03 FC FB   .db 24,3,252,251,192,243,238,0,127,207,215,150,3,63,7,147,0,249,127,182,66,88,8,207,30,47,0,249,76,254,28,250,112,15,143,71,231,48,1,60,109,0,231,252,19,254,153,252,198,102,95,62,63,255,127,30,230,192,240,231,0,234,64,243,3
0032+  09AA C0 F3 EE 00 
0032+  09AE 7F CF D7 96 
0032+  09B2 03 3F 07 93 
0032+  09B6 00 F9 7F B6 
0032+  09BA 42 58 08 CF 
0032+  09BE 1E 2F 00 F9 
0032+  09C2 4C FE 1C FA 
0032+  09C6 70 0F 8F 47 
0032+  09CA E7 30 01 3C 
0032+  09CE 6D 00 E7 FC 
0032+  09D2 13 FE 99 FC 
0032+  09D6 C6 66 5F 3E 
0032+  09DA 3F FF 7F 1E 
0032+  09DE E6 C0 F0 E7 
0032+  09E2 00 EA 40 F3 
0032+  09E6 03 
0033+  09E7 3F C9 D3 7E   .db 63,201,211,126,231,250,158,228,224,131,204,159,220,31,0,255,127,184,221,238,247,187,156,173,176,181,53,159,255,172,155,182,237,219,215,176,127,252,251,253,235,95,254,46,14,127,195,145,5,3,253,143,51,76,243,217,248,103,32,255,62,49,21,255,126
0033+  09EB E7 FA 9E E4 
0033+  09EF E0 83 CC 9F 
0033+  09F3 DC 1F 00 FF 
0033+  09F7 7F B8 DD EE 
0033+  09FB F7 BB 9C AD 
0033+  09FF B0 B5 35 9F 
0033+  0A03 FF AC 9B B6 
0033+  0A07 ED DB D7 B0 
0033+  0A0B 7F FC FB FD 
0033+  0A0F EB 5F FE 2E 
0033+  0A13 0E 7F C3 91 
0033+  0A17 05 03 FD 8F 
0033+  0A1B 33 4C F3 D9 
0033+  0A1F F8 67 20 FF 
0033+  0A23 3E 31 15 FF 
0033+  0A27 7E 
0034+  0A28 AB FA 72 CE   .db 171,250,114,206,228,134,6,2,255,64,227,10,224,138,130,70,134,19,6,34,31,10,86,176,170,253,254,34,56,175,2,146,159,130,150,234,246,170,165,214,254,86,130,146,254,169,159,18,253,11,95,252,254,248,63,25,153,207,112,161,254,201,194,252,135
0034+  0A2C E4 86 06 02 
0034+  0A30 FF 40 E3 0A 
0034+  0A34 E0 8A 82 46 
0034+  0A38 86 13 06 22 
0034+  0A3C 1F 0A 56 B0 
0034+  0A40 AA FD FE 22 
0034+  0A44 38 AF 02 92 
0034+  0A48 9F 82 96 EA 
0034+  0A4C F6 AA A5 D6 
0034+  0A50 FE 56 82 92 
0034+  0A54 FE A9 9F 12 
0034+  0A58 FD 0B 5F FC 
0034+  0A5C FE F8 3F 19 
0034+  0A60 99 CF 70 A1 
0034+  0A64 FE C9 C2 FC 
0034+  0A68 87 
0035+  0A69 FF F3 3B 48   .db 255,243,59,72,182,234,224,241,62,231,128,60,124,216,244,222,32,206,67,206,224,231,207,63,113,56,127,96,43,135,249,206,128,220,6,240,40,0,1,65,8,252,95,24,64,168,85,170,97,235,254,138,4,251,0,16,32,129,248,87,144,191,245,254,24
0035+  0A6D B6 EA E0 F1 
0035+  0A71 3E E7 80 3C 
0035+  0A75 7C D8 F4 DE 
0035+  0A79 20 CE 43 CE 
0035+  0A7D E0 E7 CF 3F 
0035+  0A81 71 38 7F 60 
0035+  0A85 2B 87 F9 CE 
0035+  0A89 80 DC 06 F0 
0035+  0A8D 28 00 01 41 
0035+  0A91 08 FC 5F 18 
0035+  0A95 40 A8 55 AA 
0035+  0A99 61 EB FE 8A 
0035+  0A9D 04 FB 00 10 
0035+  0AA1 20 81 F8 57 
0035+  0AA5 90 BF F5 FE 
0035+  0AA9 18 
0036+  0AAA B0 EC 51 3D   .db 176,236,81,61,254,162,133,159,175,252,195,12,199,200,252,73,4,57,132,36,63,181,255,62,7,41,241,244,249,218,63,131,27,244,73,217,52,253,15,252,232,231,231,63,206,228,30,62,7,143,127,123,206,159,224,30,192,71,1,227,10,84,170,48,181
0036+  0AAE FE A2 85 9F 
0036+  0AB2 AF FC C3 0C 
0036+  0AB6 C7 C8 FC 49 
0036+  0ABA 04 39 84 24 
0036+  0ABE 3F B5 FF 3E 
0036+  0AC2 07 29 F1 F4 
0036+  0AC6 F9 DA 3F 83 
0036+  0ACA 1B F4 49 D9 
0036+  0ACE 34 FD 0F FC 
0036+  0AD2 E8 E7 E7 3F 
0036+  0AD6 CE E4 1E 3E 
0036+  0ADA 07 8F 7F 7B 
0036+  0ADE CE 9F E0 1E 
0036+  0AE2 C0 47 01 E3 
0036+  0AE6 0A 54 AA 30 
0036+  0AEA B5 
0037+  0AEB 7A 15 67 A0   .db 122,21,103,160,240,81,125,5,160,7,128,15,200,168,251,158,238,223,239,213,37,85,130,192,0,240,34,21,143,207,56,39,56,120,127,204,3,63,240,231,205,12,126,137,207,160,24,201,26,158,249,24,94,253,102,126,0,143,246,252,195,206,112,232,152
0037+  0AEF F0 51 7D 05 
0037+  0AF3 A0 07 80 0F 
0037+  0AF7 C8 A8 FB 9E 
0037+  0AFB EE DF EF D5 
0037+  0AFF 25 55 82 C0 
0037+  0B03 00 F0 22 15 
0037+  0B07 8F CF 38 27 
0037+  0B0B 38 78 7F CC 
0037+  0B0F 03 3F F0 E7 
0037+  0B13 CD 0C 7E 89 
0037+  0B17 CF A0 18 C9 
0037+  0B1B 1A 9E F9 18 
0037+  0B1F 5E FD 66 7E 
0037+  0B23 00 8F F6 FC 
0037+  0B27 C3 CE 70 E8 
0037+  0B2B 98 
0038+  0B2C E4 7F 01 FC   .db 228,127,1,252,114,30,127,135,251,239,247,57,62,223,176,185,62,120,128,221,160,160,106,248,178,10,94,36,202,209,234,213,221,242,65,104,230,254,168,81,162,69,138,21,42,231,244,149,202,229,233,242,112,186,246,232,247,128,48,248,239,57,147,253,254
0038+  0B30 72 1E 7F 87 
0038+  0B34 FB EF F7 39 
0038+  0B38 3E DF B0 B9 
0038+  0B3C 3E 78 80 DD 
0038+  0B40 A0 A0 6A F8 
0038+  0B44 B2 0A 5E 24 
0038+  0B48 CA D1 EA D5 
0038+  0B4C DD F2 41 68 
0038+  0B50 E6 FE A8 51 
0038+  0B54 A2 45 8A 15 
0038+  0B58 2A E7 F4 95 
0038+  0B5C CA E5 E9 F2 
0038+  0B60 70 BA F6 E8 
0038+  0B64 F7 80 30 F8 
0038+  0B68 EF 39 93 FD 
0038+  0B6C FE 
0039+  0B6D DD FE E3 BA   .db 221,254,227,186,213,238,48,87,30,0,255,170,67,63,7,199,252,1,240,31,16,48,120,59,135,254,206,254,135,141,52,60,20,211,161,240,2,223,175,240,193,211,1,63,251,39,241,79,252,72,255,240,31,134,32,16,243,231,248,255,159,237,239,187,79
0039+  0B71 D5 EE 30 57 
0039+  0B75 1E 00 FF AA 
0039+  0B79 43 3F 07 C7 
0039+  0B7D FC 01 F0 1F 
0039+  0B81 10 30 78 3B 
0039+  0B85 87 FE CE FE 
0039+  0B89 87 8D 34 3C 
0039+  0B8D 14 D3 A1 F0 
0039+  0B91 02 DF AF F0 
0039+  0B95 C1 D3 01 3F 
0039+  0B99 FB 27 F1 4F 
0039+  0B9D FC 48 FF F0 
0039+  0BA1 1F 86 20 10 
0039+  0BA5 F3 E7 F8 FF 
0039+  0BA9 9F ED EF BB 
0039+  0BAD 4F 
0040+  0BAE B7 5F 87 B5   .db 183,95,135,181,80,23,164,44,151,46,182,242,69,0,143,238,213,226,113,254,141,95,215,136,186,136,14,224,158,238,69,128,0,34,91,218,127,218,0,186,158,253,172,175,87,171,191,218,2,24,155,194,123,187,39,248,140,254,125,214,221,10,224,0,63
0040+  0BB2 50 17 A4 2C 
0040+  0BB6 97 2E B6 F2 
0040+  0BBA 45 00 8F EE 
0040+  0BBE D5 E2 71 FE 
0040+  0BC2 8D 5F D7 88 
0040+  0BC6 BA 88 0E E0 
0040+  0BCA 9E EE 45 80 
0040+  0BCE 00 22 5B DA 
0040+  0BD2 7F DA 00 BA 
0040+  0BD6 9E FD AC AF 
0040+  0BDA 57 AB BF DA 
0040+  0BDE 02 18 9B C2 
0040+  0BE2 7B BB 27 F8 
0040+  0BE6 8C FE 7D D6 
0040+  0BEA DD 0A E0 00 
0040+  0BEE 3F 
0041+  0BEF F5 B0 0F F9   .db 245,176,15,249,252,254,255,156,14,112,100,241,71,135,127,203,231,206,33,53,255,249,29,183,219,254,221,212,115,213,67,78,255,17,62,147,9,63,225,48,7,255,239,246,31,161,84,168,21,138,187,69,236,46,223,225,32,5,40,119,138,241,184,247,188
0041+  0BF3 FC FE FF 9C 
0041+  0BF7 0E 70 64 F1 
0041+  0BFB 47 87 7F CB 
0041+  0BFF E7 CE 21 35 
0041+  0C03 FF F9 1D B7 
0041+  0C07 DB FE DD D4 
0041+  0C0B 73 D5 43 4E 
0041+  0C0F FF 11 3E 93 
0041+  0C13 09 3F E1 30 
0041+  0C17 07 FF EF F6 
0041+  0C1B 1F A1 54 A8 
0041+  0C1F 15 8A BB 45 
0041+  0C23 EC 2E DF E1 
0041+  0C27 20 05 28 77 
0041+  0C2B 8A F1 B8 F7 
0041+  0C2F BC 
0042+  0C30 FB D7 41 22   .db 251,215,65,34,182,162,5,72,220,198,202,80,235,81,160,69,187,14,252,250,159,24,85,234,213,162,145,251,2,4,56,192,31,100,147,127,192,254,191,27,247,175,176,87,88,47,0,127,153,200,95,127,252,240,132,248,225,1,56,49,1,99,226,231,143
0042+  0C34 B6 A2 05 48 
0042+  0C38 DC C6 CA 50 
0042+  0C3C EB 51 A0 45 
0042+  0C40 BB 0E FC FA 
0042+  0C44 9F 18 55 EA 
0042+  0C48 D5 A2 91 FB 
0042+  0C4C 02 04 38 C0 
0042+  0C50 1F 64 93 7F 
0042+  0C54 C0 FE BF 1B 
0042+  0C58 F7 AF B0 57 
0042+  0C5C 58 2F 00 7F 
0042+  0C60 99 C8 5F 7F 
0042+  0C64 FC F0 84 F8 
0042+  0C68 E1 01 38 31 
0042+  0C6C 01 63 E2 E7 
0042+  0C70 8F 
0043+  0C71 F8 F8 9F CC   .db 248,248,159,204,15,255,129,181,71,225,57,203,63,248,255,123,106,220,63,243,176,200,132,49,224,158,191,131,60,63,206,192,30,168,193,77,180,10,24,84,127,38,37,239,180,253,243,30,255,40,80,79,38,21,40,6,191,189,253,201,223,218,190,95,53
0043+  0C75 0F FF 81 B5 
0043+  0C79 47 E1 39 CB 
0043+  0C7D 3F F8 FF 7B 
0043+  0C81 6A DC 3F F3 
0043+  0C85 B0 C8 84 31 
0043+  0C89 E0 9E BF 83 
0043+  0C8D 3C 3F CE C0 
0043+  0C91 1E A8 C1 4D 
0043+  0C95 B4 0A 18 54 
0043+  0C99 7F 26 25 EF 
0043+  0C9D B4 FD F3 1E 
0043+  0CA1 FF 28 50 4F 
0043+  0CA5 26 15 28 06 
0043+  0CA9 BF BD FD C9 
0043+  0CAD DF DA BE 5F 
0043+  0CB1 35 
0044+  0CB2 0E A2 05 E4   .db 14,162,5,228,16,222,181,130,8,216,103,206,208,162,239,125,215,175,127,163,4,215,127,63,42,64,1,16,0,193,230,254,247,191,236,117,109,226,175,76,80,22,24,0,127,63,241,79,255,10,41,39,15,168,249,241,252,230,32,16,188,17,231,7,65
0044+  0CB6 10 DE B5 82 
0044+  0CBA 08 D8 67 CE 
0044+  0CBE D0 A2 EF 7D 
0044+  0CC2 D7 AF 7F A3 
0044+  0CC6 04 D7 7F 3F 
0044+  0CCA 2A 40 01 10 
0044+  0CCE 00 C1 E6 FE 
0044+  0CD2 F7 BF EC 75 
0044+  0CD6 6D E2 AF 4C 
0044+  0CDA 50 16 18 00 
0044+  0CDE 7F 3F F1 4F 
0044+  0CE2 FF 0A 29 27 
0044+  0CE6 0F A8 F9 F1 
0044+  0CEA FC E6 20 10 
0044+  0CEE BC 11 E7 07 
0044+  0CF2 41 
0045+  0CF3 5C 3F 27 C6   .db 92,63,39,198,232,9,134,15,238,71,32,198,229,222,223,143,255,191,235,1,39,127,236,15,63,194,207,179,133,96,248,129,199,31,92,7,200,38,8,78,222,2,69,10,21,21,125,223,177,254,250,245,234,212,168,17,34,139,240,235,236,254,250,131,5
0045+  0CF7 E8 09 86 0F 
0045+  0CFB EE 47 20 C6 
0045+  0CFF E5 DE DF 8F 
0045+  0D03 FF BF EB 01 
0045+  0D07 27 7F EC 0F 
0045+  0D0B 3F C2 CF B3 
0045+  0D0F 85 60 F8 81 
0045+  0D13 C7 1F 5C 07 
0045+  0D17 C8 26 08 4E 
0045+  0D1B DE 02 45 0A 
0045+  0D1F 15 15 7D DF 
0045+  0D23 B1 FE FA F5 
0045+  0D27 EA D4 A8 11 
0045+  0D2B 22 8B F0 EB 
0045+  0D2F EC FE FA 83 
0045+  0D33 05 
0046+  0D34 0B 1F B6 A5   .db 11,31,182,165,239,218,228,69,249,14,111,214,160,64,198,2,17,215,65,240,125,150,187,223,251,95,233,24,87,254,204,11,68,177,224,249,190,127,239,87,174,240,96,180,254,111,238,35,58,115,19,251,254,229,15,62,255,251,247,230,39,204,208,129,227
0046+  0D38 EF DA E4 45 
0046+  0D3C F9 0E 6F D6 
0046+  0D40 A0 40 C6 02 
0046+  0D44 11 D7 41 F0 
0046+  0D48 7D 96 BB DF 
0046+  0D4C FB 5F E9 18 
0046+  0D50 57 FE CC 0B 
0046+  0D54 44 B1 E0 F9 
0046+  0D58 BE 7F EF 57 
0046+  0D5C AE F0 60 B4 
0046+  0D60 FE 6F EE 23 
0046+  0D64 3A 73 13 FB 
0046+  0D68 FE E5 0F 3E 
0046+  0D6C FF FB F7 E6 
0046+  0D70 27 CC D0 81 
0046+  0D74 E3 
0047+  0D75 C4 A0 80 7F   .db 196,160,128,127,159,175,144,207,224,239,255,255,236,222,191,121,250,184,56,79,237,201,249,63,169,212,195,255,49,249,231,67,254,240,135,241,16,63,192,168,139,8,204,3,4,197,129,203,253,2,253,255,34,161,253,67,143,31,43,95,63,123,74,250,247
0047+  0D79 9F AF 90 CF 
0047+  0D7D E0 EF FF FF 
0047+  0D81 EC DE BF 79 
0047+  0D85 FA B8 38 4F 
0047+  0D89 ED C9 F9 3F 
0047+  0D8D A9 D4 C3 FF 
0047+  0D91 31 F9 E7 43 
0047+  0D95 FE F0 87 F1 
0047+  0D99 10 3F C0 A8 
0047+  0D9D 8B 08 CC 03 
0047+  0DA1 04 C5 81 CB 
0047+  0DA5 FD 02 FD FF 
0047+  0DA9 22 A1 FD 43 
0047+  0DAD 8F 1F 2B 5F 
0047+  0DB1 3F 7B 4A FA 
0047+  0DB5 F7 
0048+  0DB6 E5 EE DD BA   .db 229,238,221,186,24,169,254,127,248,1,135,175,159,154,228,246,81,234,250,255,248,10,5,128,191,208,155,153,119,190,41,104,80,187,168,140,250,24,12,254,158,15,161,248,143,118,2,254,84,1,64,168,83,175,207,52,143,123,223,95,122,232,47,199,243
0048+  0DBA 18 A9 FE 7F 
0048+  0DBE F8 01 87 AF 
0048+  0DC2 9F 9A E4 F6 
0048+  0DC6 51 EA FA FF 
0048+  0DCA F8 0A 05 80 
0048+  0DCE BF D0 9B 99 
0048+  0DD2 77 BE 29 68 
0048+  0DD6 50 BB A8 8C 
0048+  0DDA FA 18 0C FE 
0048+  0DDE 9E 0F A1 F8 
0048+  0DE2 8F 76 02 FE 
0048+  0DE6 54 01 40 A8 
0048+  0DEA 53 AF CF 34 
0048+  0DEE 8F 7B DF 5F 
0048+  0DF2 7A E8 2F C7 
0048+  0DF6 F3 
0049+  0DF7 FD B8 DA 1F   .db 253,184,218,31,171,63,33,197,81,199,95,51,106,209,156,99,14,8,254,77,25,96,216,245,153,63,254,206,192,249,253,224,64,65,138,0,182,197,237,0,42,207,18,65,163,23,131,248,7,15,31,30,125,221,93,58,53,222,16,95,14,251,0,3,31
0049+  0DFB AB 3F 21 C5 
0049+  0DFF 51 C7 5F 33 
0049+  0E03 6A D1 9C 63 
0049+  0E07 0E 08 FE 4D 
0049+  0E0B 19 60 D8 F5 
0049+  0E0F 99 3F FE CE 
0049+  0E13 C0 F9 FD E0 
0049+  0E17 40 41 8A 00 
0049+  0E1B B6 C5 ED 00 
0049+  0E1F 2A CF 12 41 
0049+  0E23 A3 17 83 F8 
0049+  0E27 07 0F 1F 1E 
0049+  0E2B 7D DD 5D 3A 
0049+  0E2F 35 DE 10 5F 
0049+  0E33 0E FB 00 03 
0049+  0E37 1F 
0050+  0E38 FF F5 DE DE   .db 255,245,222,222,21,224,216,246,209,177,87,176,190,248,54,195,254,160,0,62,255,236,213,212,192,208,218,224,240,227,139,223,15,254,231,242,60,63,121,227,249,145,243,126,227,214,250,199,30,250,235,112,245,39,127,231,134,255,254,192,240,102,4,0,14
0050+  0E3C 15 E0 D8 F6 
0050+  0E40 D1 B1 57 B0 
0050+  0E44 BE F8 36 C3 
0050+  0E48 FE A0 00 3E 
0050+  0E4C FF EC D5 D4 
0050+  0E50 C0 D0 DA E0 
0050+  0E54 F0 E3 8B DF 
0050+  0E58 0F FE E7 F2 
0050+  0E5C 3C 3F 79 E3 
0050+  0E60 F9 91 F3 7E 
0050+  0E64 E3 D6 FA C7 
0050+  0E68 1E FA EB 70 
0050+  0E6C F5 27 7F E7 
0050+  0E70 86 FF FE C0 
0050+  0E74 F0 66 04 00 
0050+  0E78 0E 
0051+  0E79 12 F6 07 3C   .db 18,246,7,60,255,115,250,212,226,254,228,240,235,12,160,101,36,254,174,23,252,76,4,250,250,174,18,63,240,235,0,254,236,128,1,0,64,55,19,7,5,252,2,240,184,212,255,253,106,247,213,131,93,24,226,60,153,0,229,255,191,145,159,203,69
0051+  0E7D FF 73 FA D4 
0051+  0E81 E2 FE E4 F0 
0051+  0E85 EB 0C A0 65 
0051+  0E89 24 FE AE 17 
0051+  0E8D FC 4C 04 FA 
0051+  0E91 FA AE 12 3F 
0051+  0E95 F0 EB 00 FE 
0051+  0E99 EC 80 01 00 
0051+  0E9D 40 37 13 07 
0051+  0EA1 05 FC 02 F0 
0051+  0EA5 B8 D4 FF FD 
0051+  0EA9 6A F7 D5 83 
0051+  0EAD 5D 18 E2 3C 
0051+  0EB1 99 00 E5 FF 
0051+  0EB5 BF 91 9F CB 
0051+  0EB9 45 
0052+  0EBA 89 AD CE 4B   .db 137,173,206,75,29,252,46,79,248,227,94,28,33,251,226,43,127,248,248,7,252,243,239,223,1,255,231,255,230,242,134,248,18,0,231,131,15,254,5,207,249,29,100,223,15,63,15,64,168,113,8,218,46,111,225,250,191,80,34,69,43,95,126,198,253
0052+  0EBE 1D FC 2E 4F 
0052+  0EC2 F8 E3 5E 1C 
0052+  0EC6 21 FB E2 2B 
0052+  0ECA 7F F8 F8 07 
0052+  0ECE FC F3 EF DF 
0052+  0ED2 01 FF E7 FF 
0052+  0ED6 E6 F2 86 F8 
0052+  0EDA 12 00 E7 83 
0052+  0EDE 0F FE 05 CF 
0052+  0EE2 F9 1D 64 DF 
0052+  0EE6 0F 3F 0F 40 
0052+  0EEA A8 71 08 DA 
0052+  0EEE 2E 6F E1 FA 
0052+  0EF2 BF 50 22 45 
0052+  0EF6 2B 5F 7E C6 
0052+  0EFA FD 
0053+  0EFB FE 6D 9F 08   .db 254,109,159,8,2,0,128,64,239,160,120,174,186,40,87,251,95,24,14,59,179,0,223,175,52,95,169,191,184,2,254,15,223,239,215,2,247,23,157,250,29,233,159,249,241,8,103,237,220,31,127,53,228,251,255,195,199,77,3,124,0,16,12,255,27
0053+  0EFF 02 00 80 40 
0053+  0F03 EF A0 78 AE 
0053+  0F07 BA 28 57 FB 
0053+  0F0B 5F 18 0E 3B 
0053+  0F0F B3 00 DF AF 
0053+  0F13 34 5F A9 BF 
0053+  0F17 B8 02 FE 0F 
0053+  0F1B DF EF D7 02 
0053+  0F1F F7 17 9D FA 
0053+  0F23 1D E9 9F F9 
0053+  0F27 F1 08 67 ED 
0053+  0F2B DC 1F 7F 35 
0053+  0F2F E4 FB FF C3 
0053+  0F33 C7 4D 03 7C 
0053+  0F37 00 10 0C FF 
0053+  0F3B 1B 
0054+  0F3C 78 7F 3E C1   .db 120,127,62,193,195,227,235,249,104,151,59,156,231,206,255,252,196,228,135,48,1,67,243,198,255,156,136,225,7,8,56,33,181,2,187,52,110,182,14,120,244,168,64,129,7,255,29,171,21,10,5,255,2,1,0,255,138,209,239,245,147,254,2,167,213
0054+  0F40 C3 E3 EB F9 
0054+  0F44 68 97 3B 9C 
0054+  0F48 E7 CE FF FC 
0054+  0F4C C4 E4 87 30 
0054+  0F50 01 43 F3 C6 
0054+  0F54 FF 9C 88 E1 
0054+  0F58 07 08 38 21 
0054+  0F5C B5 02 BB 34 
0054+  0F60 6E B6 0E 78 
0054+  0F64 F4 A8 40 81 
0054+  0F68 07 FF 1D AB 
0054+  0F6C 15 0A 05 FF 
0054+  0F70 02 01 00 FF 
0054+  0F74 8A D1 EF F5 
0054+  0F78 93 FE 02 A7 
0054+  0F7C D5 
0055+  0F7D D7 AB 5F 58   .db 215,171,95,88,24,60,174,0,231,199,38,19,63,241,241,199,3,207,228,191,193,143,225,241,249,255,240,240,136,231,252,31,209,255,252,222,194,224,240,122,248,71,255,56,9,60,247,112,9,244,204,15,3,198,230,142,15,218,18,207,239,155,200,159,127
0055+  0F81 18 3C AE 00 
0055+  0F85 E7 C7 26 13 
0055+  0F89 3F F1 F1 C7 
0055+  0F8D 03 CF E4 BF 
0055+  0F91 C1 8F E1 F1 
0055+  0F95 F9 FF F0 F0 
0055+  0F99 88 E7 FC 1F 
0055+  0F9D D1 FF FC DE 
0055+  0FA1 C2 E0 F0 7A 
0055+  0FA5 F8 47 FF 38 
0055+  0FA9 09 3C F7 70 
0055+  0FAD 09 F4 CC 0F 
0055+  0FB1 03 C6 E6 8E 
0055+  0FB5 0F DA 12 CF 
0055+  0FB9 EF 9B C8 9F 
0055+  0FBD 7F 
0056+  0FBE 3F E3 F9 FC   .db 63,227,249,252,143,119,128,224,144,255,218,232,130,199,0,128,143,192,237,217,226,197,229,152,213,20,163,232,255,16,254,128,112,184,92,174,127,191,183,22,190,53,252,93,182,34,15,136,254,48,244,32,255,198,64,1,64,100,194,120,251,24,129,49,3
0056+  0FC2 8F 77 80 E0 
0056+  0FC6 90 FF DA E8 
0056+  0FCA 82 C7 00 80 
0056+  0FCE 8F C0 ED D9 
0056+  0FD2 E2 C5 E5 98 
0056+  0FD6 D5 14 A3 E8 
0056+  0FDA FF 10 FE 80 
0056+  0FDE 70 B8 5C AE 
0056+  0FE2 7F BF B7 16 
0056+  0FE6 BE 35 FC 5D 
0056+  0FEA B6 22 0F 88 
0056+  0FEE FE 30 F4 20 
0056+  0FF2 FF C6 40 01 
0056+  0FF6 40 64 C2 78 
0056+  0FFA FB 18 81 31 
0056+  0FFE 03 
0057+  0FFF F3 02 50 F8   .db 243,2,80,248,116,255,72,153,217,156,191,28,30,143,19,55,75,253,125,252,249,254,126,127,222,221,23,159,15,159,239,7,219,205,122,112,39,243,242,159,191,139,143,243,252,232,246,255,253,127,199,162,0,239,251,44,2,173,255,247,227,246,240,241,24
0057+  1003 74 FF 48 99 
0057+  1007 D9 9C BF 1C 
0057+  100B 1E 8F 13 37 
0057+  100F 4B FD 7D FC 
0057+  1013 F9 FE 7E 7F 
0057+  1017 DE DD 17 9F 
0057+  101B 0F 9F EF 07 
0057+  101F DB CD 7A 70 
0057+  1023 27 F3 F2 9F 
0057+  1027 BF 8B 8F F3 
0057+  102B FC E8 F6 FF 
0057+  102F FD 7F C7 A2 
0057+  1033 00 EF FB 2C 
0057+  1037 02 AD FF F7 
0057+  103B E3 F6 F0 F1 
0057+  103F 18 
0058+  1040 FD F9 FF FD   .db 253,249,255,253,248,244,236,237,143,221,189,30,125,61,124,63,255,56,72,146,0,128,8,22,192,39,16,33,73,252,18,38,133,1,8,68,127,138,128,112,24,255,25,240,125,53,252,254,180,246,255,187,191,251,154,91,79,125,178,248,183,216,237,255,251
0058+  1044 F8 F4 EC ED 
0058+  1048 8F DD BD 1E 
0058+  104C 7D 3D 7C 3F 
0058+  1050 FF 38 48 92 
0058+  1054 00 80 08 16 
0058+  1058 C0 27 10 21 
0058+  105C 49 FC 12 26 
0058+  1060 85 01 08 44 
0058+  1064 7F 8A 80 70 
0058+  1068 18 FF 19 F0 
0058+  106C 7D 35 FC FE 
0058+  1070 B4 F6 FF BB 
0058+  1074 BF FB 9A 5B 
0058+  1078 4F 7D B2 F8 
0058+  107C B7 D8 ED FF 
0058+  1080 FB 
0059+  1081 F1 F7 30 F5   .db 241,247,48,245,246,151,24,53,22,206,255,247,251,253,163,55,190,49,4,187,248,183,175,207,255,215,219,237,238,239,143,247,112,240,60,226,160,249,127,231,222,61,248,240,224,255,242,234,3,202,4,124,248,192,254,241,231,230,246,63,224,252,124,217,255
0059+  1085 F6 97 18 35 
0059+  1089 16 CE FF F7 
0059+  108D FB FD A3 37 
0059+  1091 BE 31 04 BB 
0059+  1095 F8 B7 AF CF 
0059+  1099 FF D7 DB ED 
0059+  109D EE EF 8F F7 
0059+  10A1 70 F0 3C E2 
0059+  10A5 A0 F9 7F E7 
0059+  10A9 DE 3D F8 F0 
0059+  10AD E0 FF F2 EA 
0059+  10B1 03 CA 04 7C 
0059+  10B5 F8 C0 FE F1 
0059+  10B9 E7 E6 F6 3F 
0059+  10BD E0 FC 7C D9 
0059+  10C1 FF 
0060+  10C2 FE BE BF 70   .db 254,190,191,112,216,25,69,255,163,17,255,207,241,239,231,7,227,113,247,243,250,245,249,252,210,30,210,99,182,77,252,239,13,251,71,31,51,126,245,31,24,231,223,175,246,207,251,63,221,82,106,150,239,244,6,107,255,63,207,252,243,253,94,95,159
0060+  10C6 D8 19 45 FF 
0060+  10CA A3 11 FF CF 
0060+  10CE F1 EF E7 07 
0060+  10D2 E3 71 F7 F3 
0060+  10D6 FA F5 F9 FC 
0060+  10DA D2 1E D2 63 
0060+  10DE B6 4D FC EF 
0060+  10E2 0D FB 47 1F 
0060+  10E6 33 7E F5 1F 
0060+  10EA 18 E7 DF AF 
0060+  10EE F6 CF FB 3F 
0060+  10F2 DD 52 6A 96 
0060+  10F6 EF F4 06 6B 
0060+  10FA FF 3F CF FC 
0060+  10FE F3 FD 5E 5F 
0060+  1102 9F 
0061+  1103 AF 7F B7 D7   .db 175,127,183,215,235,243,198,249,252,227,48,71,127,241,215,239,236,149,34,74,253,117,135,211,240,127,220,247,251,7,63,125,221,82,38,232,6,186,255,127,189,244,119,223,241,228,76,233,223,181,28,71,179,13,252,254,167,48,33,223,239,55,30,121,97
0061+  1107 EB F3 C6 F9 
0061+  110B FC E3 30 47 
0061+  110F 7F F1 D7 EF 
0061+  1113 EC 95 22 4A 
0061+  1117 FD 75 87 D3 
0061+  111B F0 7F DC F7 
0061+  111F FB 07 3F 7D 
0061+  1123 DD 52 26 E8 
0061+  1127 06 BA FF 7F 
0061+  112B BD F4 77 DF 
0061+  112F F1 E4 4C E9 
0061+  1133 DF B5 1C 47 
0061+  1137 B3 0D FC FE 
0061+  113B A7 30 21 DF 
0061+  113F EF 37 1E 79 
0061+  1143 61 
0062+  1144 F1 81 AE 04   .db 241,129,174,4,124,0,143,218,251,252,120,239,41,247,6,248,248,4,158,230,250,224,31,247,191,223,127,143,198,239,247,176,255,57,150,255,254,144,18,237,248,224,254,54,36,88,250,29,6,255,7,233,255,129,250,255,96,126,152,255,31,166,255,7,234
0062+  1148 7C 00 8F DA 
0062+  114C FB FC 78 EF 
0062+  1150 29 F7 06 F8 
0062+  1154 F8 04 9E E6 
0062+  1158 FA E0 1F F7 
0062+  115C BF DF 7F 8F 
0062+  1160 C6 EF F7 B0 
0062+  1164 FF 39 96 FF 
0062+  1168 FE 90 12 ED 
0062+  116C F8 E0 FE 36 
0062+  1170 24 58 FA 1D 
0062+  1174 06 FF 07 E9 
0062+  1178 FF 81 FA FF 
0062+  117C 60 7E 98 FF 
0062+  1180 1F A6 FF 07 
0062+  1184 EA 
0063+  1185 FF 3F C0 E9   .db 255,63,192,233,49,255,35,0,165,250,194,251,4,8,16,36,132,3,93,255,32,247,16,8,4,130,73,17,138,133,0,106,251,96,105,155,255,152,34,145,0,129,250,0,96,126,152,0,31,166,0,7,233,0,129,250,0,96,126,152,0,31,166,0,7
0063+  1189 31 FF 23 00 
0063+  118D A5 FA C2 FB 
0063+  1191 04 08 10 24 
0063+  1195 84 03 5D FF 
0063+  1199 20 F7 10 08 
0063+  119D 04 82 49 11 
0063+  11A1 8A 85 00 6A 
0063+  11A5 FB 60 69 9B 
0063+  11A9 FF 98 22 91 
0063+  11AD 00 81 FA 00 
0063+  11B1 60 7E 98 00 
0063+  11B5 1F A6 00 07 
0063+  11B9 E9 00 81 FA 
0063+  11BD 00 60 7E 98 
0063+  11C1 00 1F A6 00 
0063+  11C5 07 
0064+  11C6 E9 00 81 FA   .db 233,0,129,250,0,96,126,152,0,31,166,0,7,233,0,129,250,0,96,126,152,0,31,166,0,7,233,0,129,250,0,216,234,95,155,0,128,65,251,32,16,8,4,33,3,93,255,36,251,8,16,32,67,128,255,0,251,103,254,254,252,192,233,57,255
0064+  11CA 00 60 7E 98 
0064+  11CE 00 1F A6 00 
0064+  11D2 07 E9 00 81 
0064+  11D6 FA 00 60 7E 
0064+  11DA 98 00 1F A6 
0064+  11DE 00 07 E9 00 
0064+  11E2 81 FA 00 D8 
0064+  11E6 EA 5F 9B 00 
0064+  11EA 80 41 FB 20 
0064+  11EE 10 08 04 21 
0064+  11F2 03 5D FF 24 
0064+  11F6 FB 08 10 20 
0064+  11FA 43 80 FF 00 
0064+  11FE FB 67 FE FE 
0064+  1202 FC C0 E9 39 
0064+  1206 FF 
0065+  1207 10 EB 84 5F   .db 16,235,132,95,192,252,108,255,253,175,31,86,127,63,106,240,31,193,181,128,254,176,213,85,123,167,224,223,191,127,150,248,15,75,20,207,243,100,183,223,193,15,188,224,252,251,247,239,175,213,195,249,127,8,14,239,247,248,193,191,251,126,170,127,31
0065+  120B C0 FC 6C FF 
0065+  120F FD AF 1F 56 
0065+  1213 7F 3F 6A F0 
0065+  1217 1F C1 B5 80 
0065+  121B FE B0 D5 55 
0065+  121F 7B A7 E0 DF 
0065+  1223 BF 7F 96 F8 
0065+  1227 0F 4B 14 CF 
0065+  122B F3 64 B7 DF 
0065+  122F C1 0F BC E0 
0065+  1233 FC FB F7 EF 
0065+  1237 AF D5 C3 F9 
0065+  123B 7F 08 0E EF 
0065+  123F F7 F8 C1 BF 
0065+  1243 FB 7E AA 7F 
0065+  1247 1F 
0066+  1248 47 DD F3 61   .db 71,221,243,97,107,172,249,231,185,159,170,254,54,35,231,154,152,61,37,231,249,254,183,135,140,142,251,131,11,253,128,0,39,31,63,160,131,44,31,0,176,226,118,108,255,245,191,120,50,59,9,63,254,239,178,31,189,167,193,123,242,135,120,246,127
0066+  124C 6B AC F9 E7 
0066+  1250 B9 9F AA FE 
0066+  1254 36 23 E7 9A 
0066+  1258 98 3D 25 E7 
0066+  125C F9 FE B7 87 
0066+  1260 8C 8E FB 83 
0066+  1264 0B FD 80 00 
0066+  1268 27 1F 3F A0 
0066+  126C 83 2C 1F 00 
0066+  1270 B0 E2 76 6C 
0066+  1274 FF F5 BF 78 
0066+  1278 32 3B 09 3F 
0066+  127C FE EF B2 1F 
0066+  1280 BD A7 C1 7B 
0066+  1284 F2 87 78 F6 
0066+  1288 7F 
0067+  1289 8F F3 FD E3   .db 143,243,253,227,35,22,243,178,15,152,219,252,248,255,241,245,237,219,6,216,0,252,61,242,250,239,198,247,248,57,30,63,88,89,69,237,103,248,167,171,247,223,63,115,35,240,225,251,199,143,63,124,6,51,95,158,253,248,227,135,159,95,8,30,255
0067+  128D 23 16 F3 B2 
0067+  1291 0F 98 DB FC 
0067+  1295 F8 FF F1 F5 
0067+  1299 ED DB 06 D8 
0067+  129D 00 FC 3D F2 
0067+  12A1 FA EF C6 F7 
0067+  12A5 F8 39 1E 3F 
0067+  12A9 58 59 45 ED 
0067+  12AD 67 F8 A7 AB 
0067+  12B1 F7 DF 3F 73 
0067+  12B5 23 F0 E1 FB 
0067+  12B9 C7 8F 3F 7C 
0067+  12BD 06 33 5F 9E 
0067+  12C1 FD F8 E3 87 
0067+  12C5 9F 5F 08 1E 
0067+  12C9 FF 
0068+  12CA 08 8F EA 01   .db 8,143,234,1,118,246,191,208,248,15,44,2,127,63,120,79,248,10,47,246,15,45,184,244,198,252,222,223,143,177,255,162,188,247,48,215,151,111,246,95,191,0,127,190,245,249,254,189,185,115,103,25,79,15,248,241,229,195,219,167,15,122,22,207,3
0068+  12CE 76 F6 BF D0 
0068+  12D2 F8 0F 2C 02 
0068+  12D6 7F 3F 78 4F 
0068+  12DA F8 0A 2F F6 
0068+  12DE 0F 2D B8 F4 
0068+  12E2 C6 FC DE DF 
0068+  12E6 8F B1 FF A2 
0068+  12EA BC F7 30 D7 
0068+  12EE 97 6F F6 5F 
0068+  12F2 BF 00 7F BE 
0068+  12F6 F5 F9 FE BD 
0068+  12FA B9 73 67 19 
0068+  12FE 4F 0F F8 F1 
0068+  1302 E5 C3 DB A7 
0068+  1306 0F 7A 16 CF 
0068+  130A 03 
0069+  130B 5F 8F 06 FC   .db 95,143,6,252,254,241,224,7,17,6,193,240,193,235,239,6,247,35,58,115,19,125,247,229,15,62,4,57,133,223,191,37,254,251,112,116,17,145,55,115,57,248,184,248,56,79,201,249,63,236,124,180,127,43,249,240,241,227,207,159,95,34,108,238,108
0069+  130F FE F1 E0 07 
0069+  1313 11 06 C1 F0 
0069+  1317 C1 EB EF 06 
0069+  131B F7 23 3A 73 
0069+  131F 13 7D F7 E5 
0069+  1323 0F 3E 04 39 
0069+  1327 85 DF BF 25 
0069+  132B FE FB 70 74 
0069+  132F 11 91 37 73 
0069+  1333 39 F8 B8 F8 
0069+  1337 38 4F C9 F9 
0069+  133B 3F EC 7C B4 
0069+  133F 7F 2B F9 F0 
0069+  1343 F1 E3 CF 9F 
0069+  1347 5F 22 6C EE 
0069+  134B 6C 
0070+  134C FF 5E 16 F7   .db 255,94,22,247,244,1,135,191,51,237,253,249,153,231,158,207,220,31,15,128,193,244,3,221,91,248,143,118,2,227,84,113,0,248,3,7,143,175,194,218,223,250,232,175,102,0,253,254,235,31,171,63,33,241,193,81,95,51,216,81,239,174,124,188,216
0070+  1350 F4 01 87 BF 
0070+  1354 33 ED FD F9 
0070+  1358 99 E7 9E CF 
0070+  135C DC 1F 0F 80 
0070+  1360 C1 F4 03 DD 
0070+  1364 5B F8 8F 76 
0070+  1368 02 E3 54 71 
0070+  136C 00 F8 03 07 
0070+  1370 8F AF C2 DA 
0070+  1374 DF FA E8 AF 
0070+  1378 66 00 FD FE 
0070+  137C EB 1F AB 3F 
0070+  1380 21 F1 C1 51 
0070+  1384 5F 33 D8 51 
0070+  1388 EF AE 7C BC 
0070+  138C D8 
0071+  138D E1 F1 E3 A3   .db 225,241,227,163,151,135,241,15,31,206,24,95,63,57,18,43,255,187,239,0,7,95,131,187,31,236,224,248,246,8,124,47,250,143,108,236,253,213,212,192,209,227,240,161,240,104,118,183,236,99,50,126,214,251,199,254,250,235,204,244,99,227,188,35,187
0071+  1391 97 87 F1 0F 
0071+  1395 1F CE 18 5F 
0071+  1399 3F 39 12 2B 
0071+  139D FF BB EF 00 
0071+  13A1 07 5F 83 BB 
0071+  13A5 1F EC E0 F8 
0071+  13A9 F6 08 7C 2F 
0071+  13AD FA 8F 6C EC 
0071+  13B1 FD D5 D4 C0 
0071+  13B5 D1 E3 F0 A1 
0071+  13B9 F0 68 76 B7 
0071+  13BD EC 63 32 7E 
0071+  13C1 D6 FB C7 FE 
0071+  13C5 FA EB CC F4 
0071+  13C9 63 E3 BC 23 
0071+  13CD BB 
0072+  13CE C5 FF F7 A7   .db 197,255,247,167,113,253,207,191,217,62,249,143,252,248,255,240,209,131,4,64,5,19,7,251,15,3,240,248,252,2,90,243,238,127,4,251,179,253,31,37,94,28,1,187,251,18,124,127,41,248,7,252,243,239,223,177,1,165,193,159,125,24,191,199,200
0072+  13D2 71 FD CF BF 
0072+  13D6 D9 3E F9 8F 
0072+  13DA FC F8 FF F0 
0072+  13DE D1 83 04 40 
0072+  13E2 05 13 07 FB 
0072+  13E6 0F 03 F0 F8 
0072+  13EA FC 02 5A F3 
0072+  13EE EE 7F 04 FB 
0072+  13F2 B3 FD 1F 25 
0072+  13F6 5E 1C 01 BB 
0072+  13FA FB 12 7C 7F 
0072+  13FE 29 F8 07 FC 
0072+  1402 F3 EF DF B1 
0072+  1406 01 A5 C1 9F 
0072+  140A 7D 18 BF C7 
0072+  140E C8 
0073+  140F FB 78 63 C7   .db 251,120,99,199,47,95,43,255,204,2,0,128,192,176,176,248,33,26,22,223,191,54,92,47,254,192,14,215,94,16,181,250,119,4,103,223,31,143,72,238,251,195,199,254,77,3,124,0,16,12,26,31,127,62,193,254,199,227,235,104,151,187,156,198,77
0073+  1413 2F 5F 2B FF 
0073+  1417 CC 02 00 80 
0073+  141B C0 B0 B0 F8 
0073+  141F 21 1A 16 DF 
0073+  1423 BF 36 5C 2F 
0073+  1427 FE C0 0E D7 
0073+  142B 5E 10 B5 FA 
0073+  142F 77 04 67 DF 
0073+  1433 1F 8F 48 EE 
0073+  1437 FB C3 C7 FE 
0073+  143B 4D 03 7C 00 
0073+  143F 10 0C 1A 1F 
0073+  1443 7F 3E C1 FE 
0073+  1447 C7 E3 EB 68 
0073+  144B 97 BB 9C C6 
0073+  144F 4D 
0074+  1450 A9 FA 0C DB   .db 169,250,12,219,131,24,245,224,193,7,236,8,31,15,126,3,1,64,14,206,241,192,162,172,232,191,127,222,194,224,240,30,248,145,255,56,194,79,247,112,9,244,204,3,3,230,30,238,31,218,18,239,176,155,183,81,160,31,214,245,161,16,192,235,10
0074+  1454 83 18 F5 E0 
0074+  1458 C1 07 EC 08 
0074+  145C 1F 0F 7E 03 
0074+  1460 01 40 0E CE 
0074+  1464 F1 C0 A2 AC 
0074+  1468 E8 BF 7F DE 
0074+  146C C2 E0 F0 1E 
0074+  1470 F8 91 FF 38 
0074+  1474 C2 4F F7 70 
0074+  1478 09 F4 CC 03 
0074+  147C 03 E6 1E EE 
0074+  1480 1F DA 12 EF 
0074+  1484 B0 9B B7 51 
0074+  1488 A0 1F D6 F5 
0074+  148C A1 10 C0 EB 
0074+  1490 0A 
0075+  1491 FE 02 20 1D   .db 254,2,32,29,192,320075+  1495 C0 20 
0092   1497             
0093   1497 01 02 03    .db 1,2,3
0094   149A             
0095   149A             end:
0096   149A             
0097   149A             .end entry
tasm: Number of errors = 0
